;  LST file generated by mikroListExporter - v.2.0 
; Date/Time: 15/2/2022 13:28:30
;----------------------------------------------

;Address Opcode 	ASM
0x0000	0xF002EF5E  	GOTO        1212
0x0004	0x0000      	NOP
0x0006	0x0000      	NOP
0x0008	0xF000EF00  	GOTO        0
0x000C	0x0000      	NOP
0x000E	0x0000      	NOP
0x0010	0x0000      	NOP
0x0012	0x0000      	NOP
0x0014	0x0000      	NOP
0x0016	0x0000      	NOP
0x0018	0xD7F3      	BRA         0
_Delay_10us:
;__Lib_Delays.c,11 :: 		void Delay_10us() {
;__Lib_Delays.c,12 :: 		Delay_us(10);
0x001C	0x0E06      	MOVLW       6
0x001E	0x6E0D      	MOVWF       R13, 0
L_Delay_10us0:
0x0020	0x2E0D      	DECFSZ      R13, 1, 0
0x0022	0xD7FE      	BRA         L_Delay_10us0
0x0024	0x0000      	NOP
;__Lib_Delays.c,13 :: 		}
L_end_Delay_10us:
0x0026	0x0012      	RETURN      0
; end of _Delay_10us
__Lib_Glcd_Strobe:
;__Lib_Glcd.c,32 :: 		
;__Lib_Glcd.c,33 :: 		
0x0028	0xDFF9      	RCALL       _Delay_10us
;__Lib_Glcd.c,34 :: 		
0x002A	0x888A      	BSF         GLCD_EN, BitPos(GLCD_EN+0) 
;__Lib_Glcd.c,35 :: 		
0x002C	0xDFF7      	RCALL       _Delay_10us
;__Lib_Glcd.c,36 :: 		
0x002E	0x988A      	BCF         GLCD_EN, BitPos(GLCD_EN+0) 
;__Lib_Glcd.c,37 :: 		
L_end_Strobe:
0x0030	0x0012      	RETURN      0
; end of __Lib_Glcd_Strobe
_Delay_1us:
;__Lib_Delays.c,7 :: 		void Delay_1us() {
;__Lib_Delays.c,8 :: 		Delay_us(1);
0x0032	0x0000      	NOP
0x0034	0x0000      	NOP
;__Lib_Delays.c,9 :: 		}
L_end_Delay_1us:
0x0036	0x0012      	RETURN      0
; end of _Delay_1us
_Glcd_Set_X:
;__Lib_Glcd.c,61 :: 		
;__Lib_Glcd.c,63 :: 		
0x0038	0x0E7F      	MOVLW       127
0x003A	0x1434      	ANDWF       FARG_Glcd_Set_X_x_pos, 0 
0x003C	0x6E00      	MOVWF       R0 
0x003E	0xF034C000  	MOVFF       R0, FARG_Glcd_Set_X_x_pos
;__Lib_Glcd.c,64 :: 		
0x0042	0x948A      	BCF         GLCD_RS, BitPos(GLCD_RS+0) 
;__Lib_Glcd.c,65 :: 		
0x0044	0x968A      	BCF         GLCD_RW, BitPos(GLCD_RW+0) 
;__Lib_Glcd.c,67 :: 		
0x0046	0x0EBF      	MOVLW       191
0x0048	0x1600      	ANDWF       R0, 1 
0x004A	0xF034C000  	MOVFF       R0, FARG_Glcd_Set_X_x_pos
;__Lib_Glcd.c,68 :: 		
0x004E	0x8C00      	BSF         R0, 6 
0x0050	0xF034C000  	MOVFF       R0, FARG_Glcd_Set_X_x_pos
;__Lib_Glcd.c,70 :: 		
0x0054	0xFF83C000  	MOVFF       R0, GLCD_DataPort
;__Lib_Glcd.c,71 :: 		
0x0058	0xDFE7      	RCALL       __Lib_Glcd_Strobe
;__Lib_Glcd.c,72 :: 		
L_end_Glcd_Set_X:
0x005A	0x0012      	RETURN      0
; end of _Glcd_Set_X
_Glcd_Set_Side:
;__Lib_Glcd.c,49 :: 		
;__Lib_Glcd.c,50 :: 		
0x005C	0x0E7F      	MOVLW       127
0x005E	0x1434      	ANDWF       FARG_Glcd_Set_Side_x_pos, 0 
0x0060	0x6E01      	MOVWF       R1 
0x0062	0xF034C001  	MOVFF       R1, FARG_Glcd_Set_Side_x_pos
;__Lib_Glcd.c,51 :: 		
0x0066	0xAC01      	BTFSS       R1, 6 
0x0068	0xD003      	BRA         L_Glcd_Set_Side0
;__Lib_Glcd.c,52 :: 		
0x006A	0x808A      	BSF         GLCD_CS1, BitPos(GLCD_CS1+0) 
;__Lib_Glcd.c,53 :: 		
0x006C	0x928A      	BCF         GLCD_CS2, BitPos(GLCD_CS2+0) 
;__Lib_Glcd.c,54 :: 		
0x006E	0xD002      	BRA         L_Glcd_Set_Side1
L_Glcd_Set_Side0:
;__Lib_Glcd.c,55 :: 		
0x0070	0x908A      	BCF         GLCD_CS1, BitPos(GLCD_CS1+0) 
;__Lib_Glcd.c,56 :: 		
0x0072	0x828A      	BSF         GLCD_CS2, BitPos(GLCD_CS2+0) 
;__Lib_Glcd.c,57 :: 		
L_Glcd_Set_Side1:
;__Lib_Glcd.c,58 :: 		
L_end_Glcd_Set_Side:
0x0074	0x0012      	RETURN      0
; end of _Glcd_Set_Side
_Glcd_Set_Page:
;__Lib_Glcd.c,40 :: 		
;__Lib_Glcd.c,42 :: 		
0x0076	0x948A      	BCF         GLCD_RS, BitPos(GLCD_RS+0) 
;__Lib_Glcd.c,43 :: 		
0x0078	0x968A      	BCF         GLCD_RW, BitPos(GLCD_RW+0) 
;__Lib_Glcd.c,44 :: 		
0x007A	0x0EB8      	MOVLW       184
0x007C	0x1034      	IORWF       FARG_Glcd_Set_Page_page, 0 
0x007E	0x6E83      	MOVWF       GLCD_DataPort 
;__Lib_Glcd.c,45 :: 		
0x0080	0xDFD3      	RCALL       __Lib_Glcd_Strobe
;__Lib_Glcd.c,46 :: 		
L_end_Glcd_Set_Page:
0x0082	0x0012      	RETURN      0
; end of _Glcd_Set_Page
_Glcd_Write_Data:
;__Lib_Glcd.c,114 :: 		
;__Lib_Glcd.c,116 :: 		
0x0084	0x988A      	BCF         GLCD_EN, BitPos(GLCD_EN+0) 
;__Lib_Glcd.c,117 :: 		
0x0086	0x848A      	BSF         GLCD_RS, BitPos(GLCD_RS+0) 
;__Lib_Glcd.c,118 :: 		
0x0088	0x968A      	BCF         GLCD_RW, BitPos(GLCD_RW+0) 
;__Lib_Glcd.c,120 :: 		
0x008A	0xFF83C034  	MOVFF       FARG_Glcd_Write_Data_ddata, GLCD_DataPort
;__Lib_Glcd.c,121 :: 		
0x008E	0xDFCC      	RCALL       __Lib_Glcd_Strobe
;__Lib_Glcd.c,122 :: 		
L_end_Glcd_Write_Data:
0x0090	0x0012      	RETURN      0
; end of _Glcd_Write_Data
_Glcd_Read_Data:
;__Lib_Glcd.c,75 :: 		
;__Lib_Glcd.c,80 :: 		
0x0092	0x0E12      	MOVLW       18
0x0094	0x6E00      	MOVWF       R0 
0x0096	0x0E00      	MOVLW       0
0x0098	0x6E01      	MOVWF       R1 
0x009A	0x0E83      	MOVLW       GLCD_DataPort
0x009C	0x2400      	ADDWF       R0, 0 
0x009E	0x6EE1      	MOVWF       FSR1L 
0x00A0	0x0E0F      	MOVLW       hi_addr(GLCD_DataPort)
0x00A2	0x2001      	ADDWFC      R1, 0 
0x00A4	0x6EE2      	MOVWF       FSR1L+1 
0x00A6	0x0EFF      	MOVLW       255
0x00A8	0x6EE6      	MOVWF       POSTINC1 
;__Lib_Glcd.c,82 :: 		
0x00AA	0xDFC3      	RCALL       _Delay_1us
;__Lib_Glcd.c,83 :: 		
0x00AC	0xDFC2      	RCALL       _Delay_1us
;__Lib_Glcd.c,85 :: 		
0x00AE	0x848A      	BSF         GLCD_RS, BitPos(GLCD_RS+0) 
;__Lib_Glcd.c,86 :: 		
0x00B0	0x988A      	BCF         GLCD_EN, BitPos(GLCD_EN+0) 
;__Lib_Glcd.c,87 :: 		
0x00B2	0x868A      	BSF         GLCD_RW, BitPos(GLCD_RW+0) 
;__Lib_Glcd.c,89 :: 		
0x00B4	0x888A      	BSF         GLCD_EN, BitPos(GLCD_EN+0) 
;__Lib_Glcd.c,91 :: 		
0x00B6	0xDFB2      	RCALL       _Delay_10us
;__Lib_Glcd.c,99 :: 		
0x00B8	0xF034CF83  	MOVFF       GLCD_DataPort, Glcd_Read_Data_local_L0
;__Lib_Glcd.c,101 :: 		
0x00BC	0x988A      	BCF         GLCD_EN, BitPos(GLCD_EN+0) 
;__Lib_Glcd.c,102 :: 		
0x00BE	0x968A      	BCF         GLCD_RW, BitPos(GLCD_RW+0) 
;__Lib_Glcd.c,104 :: 		
0x00C0	0xDFB8      	RCALL       _Delay_1us
;__Lib_Glcd.c,105 :: 		
0x00C2	0xDFB7      	RCALL       _Delay_1us
;__Lib_Glcd.c,108 :: 		
0x00C4	0x0E12      	MOVLW       18
0x00C6	0x6E00      	MOVWF       R0 
0x00C8	0x0E00      	MOVLW       0
0x00CA	0x6E01      	MOVWF       R1 
0x00CC	0x0E83      	MOVLW       GLCD_DataPort
0x00CE	0x2400      	ADDWF       R0, 0 
0x00D0	0x6EE1      	MOVWF       FSR1L 
0x00D2	0x0E0F      	MOVLW       hi_addr(GLCD_DataPort)
0x00D4	0x2001      	ADDWFC      R1, 0 
0x00D6	0x6EE2      	MOVWF       FSR1L+1 
0x00D8	0x6AE6      	CLRF        POSTINC1 
;__Lib_Glcd.c,110 :: 		
0x00DA	0xF000C034  	MOVFF       Glcd_Read_Data_local_L0, R0
;__Lib_Glcd.c,111 :: 		
L_end_Glcd_Read_Data:
0x00DE	0x0012      	RETURN      0
; end of _Glcd_Read_Data
_Glcd_Dot:
;__Lib_Glcd.c,321 :: 		
;__Lib_Glcd.c,325 :: 		
0x00E0	0x0E00      	MOVLW       0
0x00E2	0x5C2D      	SUBWF       FARG_Glcd_Dot_x_pos, 0 
0x00E4	0xE30A      	BNC         L__Glcd_Dot299
0x00E6	0x502D      	MOVF        FARG_Glcd_Dot_x_pos, 0 
0x00E8	0x087F      	SUBLW       127
0x00EA	0xE307      	BNC         L__Glcd_Dot299
0x00EC	0x0E00      	MOVLW       0
0x00EE	0x5C2E      	SUBWF       FARG_Glcd_Dot_y_pos, 0 
0x00F0	0xE304      	BNC         L__Glcd_Dot299
0x00F2	0x502E      	MOVF        FARG_Glcd_Dot_y_pos, 0 
0x00F4	0x083F      	SUBLW       63
0x00F6	0xE301      	BNC         L__Glcd_Dot299
0x00F8	0xD001      	BRA         L_Glcd_Dot36
L__Glcd_Dot299:
;__Lib_Glcd.c,326 :: 		
0x00FA	0xD04A      	BRA         L_end_Glcd_Dot
L_Glcd_Dot36:
;__Lib_Glcd.c,329 :: 		
0x00FC	0xF034C02D  	MOVFF       FARG_Glcd_Dot_x_pos, FARG_Glcd_Set_Side_x_pos
0x0100	0xDFAD      	RCALL       _Glcd_Set_Side
;__Lib_Glcd.c,330 :: 		
0x0102	0xF034C02E  	MOVFF       FARG_Glcd_Dot_y_pos, FARG_Glcd_Set_Page_page
0x0106	0x3234      	RRCF        FARG_Glcd_Set_Page_page, 1 
0x0108	0x9E34      	BCF         FARG_Glcd_Set_Page_page, 7 
0x010A	0x3234      	RRCF        FARG_Glcd_Set_Page_page, 1 
0x010C	0x9E34      	BCF         FARG_Glcd_Set_Page_page, 7 
0x010E	0x3234      	RRCF        FARG_Glcd_Set_Page_page, 1 
0x0110	0x9E34      	BCF         FARG_Glcd_Set_Page_page, 7 
0x0112	0xDFB1      	RCALL       _Glcd_Set_Page
;__Lib_Glcd.c,331 :: 		
0x0114	0xF034C02D  	MOVFF       FARG_Glcd_Dot_x_pos, FARG_Glcd_Set_X_x_pos
0x0118	0xDF8F      	RCALL       _Glcd_Set_X
;__Lib_Glcd.c,334 :: 		
0x011A	0xDFBB      	RCALL       _Glcd_Read_Data
0x011C	0xF032C000  	MOVFF       R0, Glcd_Dot_ddata_L0
;__Lib_Glcd.c,335 :: 		
0x0120	0xDFB8      	RCALL       _Glcd_Read_Data
0x0122	0xF032C000  	MOVFF       R0, Glcd_Dot_ddata_L0
;__Lib_Glcd.c,337 :: 		
0x0126	0xF034C02E  	MOVFF       FARG_Glcd_Dot_y_pos, FARG_Glcd_Set_Page_page
0x012A	0x3234      	RRCF        FARG_Glcd_Set_Page_page, 1 
0x012C	0x9E34      	BCF         FARG_Glcd_Set_Page_page, 7 
0x012E	0x3234      	RRCF        FARG_Glcd_Set_Page_page, 1 
0x0130	0x9E34      	BCF         FARG_Glcd_Set_Page_page, 7 
0x0132	0x3234      	RRCF        FARG_Glcd_Set_Page_page, 1 
0x0134	0x9E34      	BCF         FARG_Glcd_Set_Page_page, 7 
0x0136	0xDF9F      	RCALL       _Glcd_Set_Page
;__Lib_Glcd.c,338 :: 		
0x0138	0xF034C02D  	MOVFF       FARG_Glcd_Dot_x_pos, FARG_Glcd_Set_X_x_pos
0x013C	0xDF7D      	RCALL       _Glcd_Set_X
;__Lib_Glcd.c,340 :: 		
0x013E	0x0E07      	MOVLW       7
0x0140	0x142E      	ANDWF       FARG_Glcd_Dot_y_pos, 0 
0x0142	0x6E00      	MOVWF       R0 
0x0144	0xF030C000  	MOVFF       R0, Glcd_Dot_bit_mask1_L0
;__Lib_Glcd.c,341 :: 		
0x0148	0xF001C000  	MOVFF       R0, R1
0x014C	0x0E01      	MOVLW       1
0x014E	0x6E00      	MOVWF       R0 
0x0150	0x5001      	MOVF        R1, 0 
L__Glcd_Dot324:
0x0152	0xE004      	BZ          L__Glcd_Dot325
0x0154	0x3600      	RLCF        R0, 1 
0x0156	0x9000      	BCF         R0, 0 
0x0158	0x0FFF      	ADDLW       255
0x015A	0xD7FB      	BRA         L__Glcd_Dot324
L__Glcd_Dot325:
0x015C	0xF030C000  	MOVFF       R0, Glcd_Dot_bit_mask1_L0
;__Lib_Glcd.c,342 :: 		
0x0160	0x1C00      	COMF        R0, 0 
0x0162	0x6E31      	MOVWF       Glcd_Dot_bit_mask0_L0 
;__Lib_Glcd.c,345 :: 		
0x0164	0xD009      	BRA         L_Glcd_Dot37
;__Lib_Glcd.c,346 :: 		
L_Glcd_Dot39:
;__Lib_Glcd.c,347 :: 		
0x0166	0x5031      	MOVF        Glcd_Dot_bit_mask0_L0, 0 
0x0168	0x1632      	ANDWF       Glcd_Dot_ddata_L0, 1 
;__Lib_Glcd.c,348 :: 		
0x016A	0xD00F      	BRA         L_Glcd_Dot38
;__Lib_Glcd.c,349 :: 		
L_Glcd_Dot40:
;__Lib_Glcd.c,350 :: 		
0x016C	0x5030      	MOVF        Glcd_Dot_bit_mask1_L0, 0 
0x016E	0x1232      	IORWF       Glcd_Dot_ddata_L0, 1 
;__Lib_Glcd.c,351 :: 		
0x0170	0xD00C      	BRA         L_Glcd_Dot38
;__Lib_Glcd.c,352 :: 		
L_Glcd_Dot41:
;__Lib_Glcd.c,353 :: 		
0x0172	0x5030      	MOVF        Glcd_Dot_bit_mask1_L0, 0 
0x0174	0x1A32      	XORWF       Glcd_Dot_ddata_L0, 1 
;__Lib_Glcd.c,354 :: 		
0x0176	0xD009      	BRA         L_Glcd_Dot38
L_Glcd_Dot37:
0x0178	0x502F      	MOVF        FARG_Glcd_Dot_color, 0 
0x017A	0x0A00      	XORLW       0
0x017C	0xE0F4      	BZ          L_Glcd_Dot39
0x017E	0x502F      	MOVF        FARG_Glcd_Dot_color, 0 
0x0180	0x0A01      	XORLW       1
0x0182	0xE0F4      	BZ          L_Glcd_Dot40
0x0184	0x502F      	MOVF        FARG_Glcd_Dot_color, 0 
0x0186	0x0A02      	XORLW       2
0x0188	0xE0F4      	BZ          L_Glcd_Dot41
L_Glcd_Dot38:
;__Lib_Glcd.c,356 :: 		
0x018A	0xF034C032  	MOVFF       Glcd_Dot_ddata_L0, FARG_Glcd_Write_Data_ddata
0x018E	0xDF7A      	RCALL       _Glcd_Write_Data
;__Lib_Glcd.c,357 :: 		
L_end_Glcd_Dot:
0x0190	0x0012      	RETURN      0
; end of _Glcd_Dot
_Glcd_Image:
;__Lib_Glcd.c,596 :: 		
;__Lib_Glcd.c,600 :: 		
0x0192	0x6A31      	CLRF        Glcd_Image_pg_L0 
0x0194	0x6A32      	CLRF        Glcd_Image_clan_niza_L0 
0x0196	0x6A33      	CLRF        Glcd_Image_clan_niza_L0+1 
;__Lib_Glcd.c,602 :: 		
L_Glcd_Image100:
0x0198	0x5031      	MOVF        Glcd_Image_pg_L0, 0 
0x019A	0x0807      	SUBLW       7
0x019C	0xE33D      	BNC         L_Glcd_Image101
;__Lib_Glcd.c,603 :: 		
0x019E	0x6A34      	CLRF        FARG_Glcd_Set_Side_x_pos 
0x01A0	0xDF5D      	RCALL       _Glcd_Set_Side
;__Lib_Glcd.c,604 :: 		
0x01A2	0xF034C031  	MOVFF       Glcd_Image_pg_L0, FARG_Glcd_Set_Page_page
0x01A6	0xDF67      	RCALL       _Glcd_Set_Page
;__Lib_Glcd.c,605 :: 		
0x01A8	0x6A34      	CLRF        FARG_Glcd_Set_X_x_pos 
0x01AA	0xDF46      	RCALL       _Glcd_Set_X
;__Lib_Glcd.c,606 :: 		
0x01AC	0x6A30      	CLRF        Glcd_Image_col_L0 
L_Glcd_Image102:
0x01AE	0x5030      	MOVF        Glcd_Image_col_L0, 0 
0x01B0	0x083F      	SUBLW       63
0x01B2	0xE311      	BNC         L_Glcd_Image103
;__Lib_Glcd.c,607 :: 		
0x01B4	0x5032      	MOVF        Glcd_Image_clan_niza_L0, 0 
0x01B6	0x242D      	ADDWF       FARG_Glcd_Image_image, 0 
0x01B8	0x6EF6      	MOVWF       TBLPTR 
0x01BA	0x5033      	MOVF        Glcd_Image_clan_niza_L0+1, 0 
0x01BC	0x202E      	ADDWFC      FARG_Glcd_Image_image+1, 0 
0x01BE	0x6EF7      	MOVWF       TBLPTR+1 
0x01C0	0x0E00      	MOVLW       0
0x01C2	0x202F      	ADDWFC      FARG_Glcd_Image_image+2, 0 
0x01C4	0x6EF8      	MOVWF       TBLPTR+2 
0x01C6	0x0009      	TBLRD*+
0x01C8	0xF034CFF5  	MOVFF       TABLAT, FARG_Glcd_Write_Data_ddata
0x01CC	0xDF5B      	RCALL       _Glcd_Write_Data
0x01CE	0x4A32      	INFSNZ      Glcd_Image_clan_niza_L0, 1 
0x01D0	0x2A33      	INCF        Glcd_Image_clan_niza_L0+1, 1 
;__Lib_Glcd.c,606 :: 		
0x01D2	0x2A30      	INCF        Glcd_Image_col_L0, 1 
;__Lib_Glcd.c,608 :: 		
0x01D4	0xD7EC      	BRA         L_Glcd_Image102
L_Glcd_Image103:
;__Lib_Glcd.c,610 :: 		
0x01D6	0x0E40      	MOVLW       64
0x01D8	0x6E34      	MOVWF       FARG_Glcd_Set_Side_x_pos 
0x01DA	0xDF40      	RCALL       _Glcd_Set_Side
;__Lib_Glcd.c,611 :: 		
0x01DC	0xF034C031  	MOVFF       Glcd_Image_pg_L0, FARG_Glcd_Set_Page_page
0x01E0	0xDF4A      	RCALL       _Glcd_Set_Page
;__Lib_Glcd.c,612 :: 		
0x01E2	0x0E40      	MOVLW       64
0x01E4	0x6E34      	MOVWF       FARG_Glcd_Set_X_x_pos 
0x01E6	0xDF28      	RCALL       _Glcd_Set_X
;__Lib_Glcd.c,613 :: 		
0x01E8	0x0E40      	MOVLW       64
0x01EA	0x6E30      	MOVWF       Glcd_Image_col_L0 
L_Glcd_Image105:
0x01EC	0x5030      	MOVF        Glcd_Image_col_L0, 0 
0x01EE	0x087F      	SUBLW       127
0x01F0	0xE311      	BNC         L_Glcd_Image106
;__Lib_Glcd.c,614 :: 		
0x01F2	0x5032      	MOVF        Glcd_Image_clan_niza_L0, 0 
0x01F4	0x242D      	ADDWF       FARG_Glcd_Image_image, 0 
0x01F6	0x6EF6      	MOVWF       TBLPTR 
0x01F8	0x5033      	MOVF        Glcd_Image_clan_niza_L0+1, 0 
0x01FA	0x202E      	ADDWFC      FARG_Glcd_Image_image+1, 0 
0x01FC	0x6EF7      	MOVWF       TBLPTR+1 
0x01FE	0x0E00      	MOVLW       0
0x0200	0x202F      	ADDWFC      FARG_Glcd_Image_image+2, 0 
0x0202	0x6EF8      	MOVWF       TBLPTR+2 
0x0204	0x0009      	TBLRD*+
0x0206	0xF034CFF5  	MOVFF       TABLAT, FARG_Glcd_Write_Data_ddata
0x020A	0xDF3C      	RCALL       _Glcd_Write_Data
0x020C	0x4A32      	INFSNZ      Glcd_Image_clan_niza_L0, 1 
0x020E	0x2A33      	INCF        Glcd_Image_clan_niza_L0+1, 1 
;__Lib_Glcd.c,613 :: 		
0x0210	0x2A30      	INCF        Glcd_Image_col_L0, 1 
;__Lib_Glcd.c,615 :: 		
0x0212	0xD7EC      	BRA         L_Glcd_Image105
L_Glcd_Image106:
;__Lib_Glcd.c,617 :: 		
0x0214	0x2A31      	INCF        Glcd_Image_pg_L0, 1 
;__Lib_Glcd.c,618 :: 		
0x0216	0xD7C0      	BRA         L_Glcd_Image100
L_Glcd_Image101:
;__Lib_Glcd.c,619 :: 		
L_end_Glcd_Image:
0x0218	0x0012      	RETURN      0
; end of _Glcd_Image
_Glcd_Fill:
;__Lib_Glcd.c,125 :: 		
;__Lib_Glcd.c,128 :: 		
0x021A	0x908A      	BCF         GLCD_CS1, BitPos(GLCD_CS1+0) 
0x021C	0x828A      	BSF         GLCD_CS2, BitPos(GLCD_CS2+0) 
;__Lib_Glcd.c,129 :: 		
0x021E	0x6A2F      	CLRF        Glcd_Fill_page_L0 
L_Glcd_Fill2:
0x0220	0x502F      	MOVF        Glcd_Fill_page_L0, 0 
0x0222	0x0807      	SUBLW       7
0x0224	0xE30E      	BNC         L_Glcd_Fill3
;__Lib_Glcd.c,130 :: 		
0x0226	0xF034C02F  	MOVFF       Glcd_Fill_page_L0, FARG_Glcd_Set_Page_page
0x022A	0xDF25      	RCALL       _Glcd_Set_Page
;__Lib_Glcd.c,132 :: 		
0x022C	0x6A2E      	CLRF        Glcd_Fill_yy_L0 
L_Glcd_Fill5:
0x022E	0x502E      	MOVF        Glcd_Fill_yy_L0, 0 
0x0230	0x083F      	SUBLW       63
0x0232	0xE305      	BNC         L_Glcd_Fill6
;__Lib_Glcd.c,133 :: 		
0x0234	0xF034C02D  	MOVFF       FARG_Glcd_Fill_pattern, FARG_Glcd_Write_Data_ddata
0x0238	0xDF25      	RCALL       _Glcd_Write_Data
;__Lib_Glcd.c,132 :: 		
0x023A	0x2A2E      	INCF        Glcd_Fill_yy_L0, 1 
;__Lib_Glcd.c,135 :: 		
0x023C	0xD7F8      	BRA         L_Glcd_Fill5
L_Glcd_Fill6:
;__Lib_Glcd.c,129 :: 		
0x023E	0x2A2F      	INCF        Glcd_Fill_page_L0, 1 
;__Lib_Glcd.c,136 :: 		
0x0240	0xD7EF      	BRA         L_Glcd_Fill2
L_Glcd_Fill3:
;__Lib_Glcd.c,138 :: 		
0x0242	0x928A      	BCF         GLCD_CS2, BitPos(GLCD_CS2+0) 
0x0244	0x808A      	BSF         GLCD_CS1, BitPos(GLCD_CS1+0) 
;__Lib_Glcd.c,139 :: 		
0x0246	0x6A2F      	CLRF        Glcd_Fill_page_L0 
L_Glcd_Fill8:
0x0248	0x502F      	MOVF        Glcd_Fill_page_L0, 0 
0x024A	0x0807      	SUBLW       7
0x024C	0xE30E      	BNC         L_Glcd_Fill9
;__Lib_Glcd.c,140 :: 		
0x024E	0xF034C02F  	MOVFF       Glcd_Fill_page_L0, FARG_Glcd_Set_Page_page
0x0252	0xDF11      	RCALL       _Glcd_Set_Page
;__Lib_Glcd.c,141 :: 		
0x0254	0x6A2E      	CLRF        Glcd_Fill_yy_L0 
L_Glcd_Fill11:
0x0256	0x502E      	MOVF        Glcd_Fill_yy_L0, 0 
0x0258	0x083F      	SUBLW       63
0x025A	0xE305      	BNC         L_Glcd_Fill12
;__Lib_Glcd.c,142 :: 		
0x025C	0xF034C02D  	MOVFF       FARG_Glcd_Fill_pattern, FARG_Glcd_Write_Data_ddata
0x0260	0xDF11      	RCALL       _Glcd_Write_Data
;__Lib_Glcd.c,141 :: 		
0x0262	0x2A2E      	INCF        Glcd_Fill_yy_L0, 1 
;__Lib_Glcd.c,142 :: 		
0x0264	0xD7F8      	BRA         L_Glcd_Fill11
L_Glcd_Fill12:
;__Lib_Glcd.c,139 :: 		
0x0266	0x2A2F      	INCF        Glcd_Fill_page_L0, 1 
;__Lib_Glcd.c,143 :: 		
0x0268	0xD7EF      	BRA         L_Glcd_Fill8
L_Glcd_Fill9:
;__Lib_Glcd.c,144 :: 		
L_end_Glcd_Fill:
0x026A	0x0012      	RETURN      0
; end of _Glcd_Fill
_primerFrame:
;drawImagePixel.c,216 :: 		void primerFrame(void){
;drawImagePixel.c,217 :: 		Glcd_Image(pantallaDeInicio);
0x026C	0x0E90      	MOVLW       _pantallaDeInicio
0x026E	0x6E2D      	MOVWF       FARG_Glcd_Image_image 
0x0270	0x0E0B      	MOVLW       hi_addr(_pantallaDeInicio)
0x0272	0x6E2E      	MOVWF       FARG_Glcd_Image_image+1 
0x0274	0x0E00      	MOVLW       higher_addr(_pantallaDeInicio)
0x0276	0x6E2F      	MOVWF       FARG_Glcd_Image_image+2 
0x0278	0xDF8C      	RCALL       _Glcd_Image
;drawImagePixel.c,218 :: 		Delay_ms(4000);
0x027A	0x0E29      	MOVLW       41
0x027C	0x6E0B      	MOVWF       R11, 0
0x027E	0x0E96      	MOVLW       150
0x0280	0x6E0C      	MOVWF       R12, 0
0x0282	0x0E7F      	MOVLW       127
0x0284	0x6E0D      	MOVWF       R13, 0
L_primerFrame43:
0x0286	0x2E0D      	DECFSZ      R13, 1, 0
0x0288	0xD7FE      	BRA         L_primerFrame43
0x028A	0x2E0C      	DECFSZ      R12, 1, 0
0x028C	0xD7FC      	BRA         L_primerFrame43
0x028E	0x2E0B      	DECFSZ      R11, 1, 0
0x0290	0xD7FA      	BRA         L_primerFrame43
;drawImagePixel.c,219 :: 		Glcd_Fill(0x00);
0x0292	0x6A2D      	CLRF        FARG_Glcd_Fill_pattern 
0x0294	0xDFC2      	RCALL       _Glcd_Fill
;drawImagePixel.c,221 :: 		}
L_end_primerFrame:
0x0296	0x0012      	RETURN      0
; end of _primerFrame
_Glcd_Init:
;__Lib_Glcd.c,147 :: 		
;__Lib_Glcd.c,148 :: 		
0x0298	0x6A17      	CLRF        __Lib_Glcd_FontInitialized 
;__Lib_Glcd.c,149 :: 		
0x029A	0x6A15      	CLRF        __Lib_Glcd_ExternalFontSet 
0x029C	0x6A16      	CLRF        __Lib_Glcd_ExternalFontSet+1 
;__Lib_Glcd.c,151 :: 		
0x029E	0x9A93      	BCF         GLCD_RST_Direction, BitPos(GLCD_RST_Direction+0) 
;__Lib_Glcd.c,152 :: 		
0x02A0	0x9893      	BCF         GLCD_EN_Direction, BitPos(GLCD_EN_Direction+0) 
;__Lib_Glcd.c,153 :: 		
0x02A2	0x9493      	BCF         GLCD_RS_Direction, BitPos(GLCD_RS_Direction+0) 
;__Lib_Glcd.c,154 :: 		
0x02A4	0x9693      	BCF         GLCD_RW_Direction, BitPos(GLCD_RW_Direction+0) 
;__Lib_Glcd.c,155 :: 		
0x02A6	0x9093      	BCF         GLCD_CS1_Direction, BitPos(GLCD_CS1_Direction+0) 
;__Lib_Glcd.c,156 :: 		
0x02A8	0x9293      	BCF         GLCD_CS2_Direction, BitPos(GLCD_CS2_Direction+0) 
;__Lib_Glcd.c,158 :: 		
0x02AA	0x9A8A      	BCF         GLCD_RST, BitPos(GLCD_RST+0) 
;__Lib_Glcd.c,163 :: 		
0x02AC	0x0E12      	MOVLW       18
0x02AE	0x6E00      	MOVWF       R0 
0x02B0	0x0E00      	MOVLW       0
0x02B2	0x6E01      	MOVWF       R1 
0x02B4	0x0E83      	MOVLW       GLCD_DataPort
0x02B6	0x2400      	ADDWF       R0, 0 
0x02B8	0x6EE1      	MOVWF       FSR1L 
0x02BA	0x0E0F      	MOVLW       hi_addr(GLCD_DataPort)
0x02BC	0x2001      	ADDWFC      R1, 0 
0x02BE	0x6EE2      	MOVWF       FSR1L+1 
0x02C0	0x6AE6      	CLRF        POSTINC1 
;__Lib_Glcd.c,173 :: 		
0x02C2	0x948A      	BCF         GLCD_RS, BitPos(GLCD_RS+0) 
;__Lib_Glcd.c,174 :: 		
0x02C4	0x968A      	BCF         GLCD_RW, BitPos(GLCD_RW+0) 
;__Lib_Glcd.c,176 :: 		
0x02C6	0x908A      	BCF         GLCD_CS1, BitPos(GLCD_CS1+0) 
;__Lib_Glcd.c,177 :: 		
0x02C8	0x828A      	BSF         GLCD_CS2, BitPos(GLCD_CS2+0) 
;__Lib_Glcd.c,179 :: 		
0x02CA	0x8A8A      	BSF         GLCD_RST, BitPos(GLCD_RST+0) 
;__Lib_Glcd.c,186 :: 		
0x02CC	0x0E3F      	MOVLW       63
0x02CE	0x6E83      	MOVWF       GLCD_DataPort 
;__Lib_Glcd.c,187 :: 		
0x02D0	0xDEAB      	RCALL       __Lib_Glcd_Strobe
;__Lib_Glcd.c,189 :: 		
0x02D2	0x0EC0      	MOVLW       192
0x02D4	0x6E83      	MOVWF       GLCD_DataPort 
;__Lib_Glcd.c,190 :: 		
0x02D6	0xDEA8      	RCALL       __Lib_Glcd_Strobe
;__Lib_Glcd.c,192 :: 		
0x02D8	0x808A      	BSF         GLCD_CS1, BitPos(GLCD_CS1+0) 
;__Lib_Glcd.c,193 :: 		
0x02DA	0x928A      	BCF         GLCD_CS2, BitPos(GLCD_CS2+0) 
;__Lib_Glcd.c,195 :: 		
0x02DC	0x0E3F      	MOVLW       63
0x02DE	0x6E83      	MOVWF       GLCD_DataPort 
;__Lib_Glcd.c,196 :: 		
0x02E0	0xDEA3      	RCALL       __Lib_Glcd_Strobe
;__Lib_Glcd.c,198 :: 		
0x02E2	0x0EC0      	MOVLW       192
0x02E4	0x6E83      	MOVWF       GLCD_DataPort 
;__Lib_Glcd.c,199 :: 		
0x02E6	0xDEA0      	RCALL       __Lib_Glcd_Strobe
;__Lib_Glcd.c,201 :: 		
L_end_Glcd_Init:
0x02E8	0x0012      	RETURN      0
; end of _Glcd_Init
_Glcd_Circle:
;__Lib_Glcd.c,502 :: 		
;__Lib_Glcd.c,506 :: 		
0x02EA	0x0E00      	MOVLW       0
0x02EC	0x1823      	XORWF       FARG_Glcd_Circle_radius+1, 0 
0x02EE	0xE102      	BNZ         L__Glcd_Circle345
0x02F0	0x0E00      	MOVLW       0
0x02F2	0x1822      	XORWF       FARG_Glcd_Circle_radius, 0 
L__Glcd_Circle345:
0x02F4	0xE108      	BNZ         L_Glcd_Circle82
;__Lib_Glcd.c,507 :: 		
0x02F6	0xF02DC01E  	MOVFF       FARG_Glcd_Circle_x_center, FARG_Glcd_Dot_x_pos
0x02FA	0xF02EC020  	MOVFF       FARG_Glcd_Circle_y_center, FARG_Glcd_Dot_y_pos
0x02FE	0xF02FC024  	MOVFF       FARG_Glcd_Circle_color, FARG_Glcd_Dot_color
0x0302	0xDEEE      	RCALL       _Glcd_Dot
;__Lib_Glcd.c,508 :: 		
0x0304	0xD0D2      	BRA         L_end_Glcd_Circle
;__Lib_Glcd.c,509 :: 		
L_Glcd_Circle82:
;__Lib_Glcd.c,511 :: 		
0x0306	0x6A29      	CLRF        Glcd_Circle_x_L0 
0x0308	0x6A2A      	CLRF        Glcd_Circle_x_L0+1 
;__Lib_Glcd.c,512 :: 		
0x030A	0x501E      	MOVF        FARG_Glcd_Circle_x_center, 0 
0x030C	0x5C20      	SUBWF       FARG_Glcd_Circle_y_center, 0 
0x030E	0x6E2B      	MOVWF       Glcd_Circle_d_L0 
0x0310	0x501F      	MOVF        FARG_Glcd_Circle_x_center+1, 0 
0x0312	0x5821      	SUBWFB      FARG_Glcd_Circle_y_center+1, 0 
0x0314	0x6E2C      	MOVWF       Glcd_Circle_d_L0+1 
;__Lib_Glcd.c,513 :: 		
0x0316	0xF027C022  	MOVFF       FARG_Glcd_Circle_radius, Glcd_Circle_y_L0
0x031A	0xF028C023  	MOVFF       FARG_Glcd_Circle_radius+1, Glcd_Circle_y_L0+1
;__Lib_Glcd.c,514 :: 		
0x031E	0xF000C022  	MOVFF       FARG_Glcd_Circle_radius, R0
0x0322	0xF001C023  	MOVFF       FARG_Glcd_Circle_radius+1, R1
0x0326	0x3600      	RLCF        R0, 1 
0x0328	0x9000      	BCF         R0, 0 
0x032A	0x3601      	RLCF        R1, 1 
0x032C	0xF025C000  	MOVFF       R0, Glcd_Circle_tswitch_L0
0x0330	0xF026C001  	MOVFF       R1, Glcd_Circle_tswitch_L0+1
;__Lib_Glcd.c,515 :: 		
0x0334	0x5000      	MOVF        R0, 0 
0x0336	0x0803      	SUBLW       3
0x0338	0x6E25      	MOVWF       Glcd_Circle_tswitch_L0 
0x033A	0xF026C001  	MOVFF       R1, Glcd_Circle_tswitch_L0+1
0x033E	0x0E00      	MOVLW       0
0x0340	0x5626      	SUBFWB      Glcd_Circle_tswitch_L0+1, 1 
;__Lib_Glcd.c,516 :: 		
L_Glcd_Circle83:
0x0342	0x0E01      	MOVLW       1
0x0344	0x2427      	ADDWF       Glcd_Circle_y_L0, 0 
0x0346	0x6E01      	MOVWF       R1 
0x0348	0x0E00      	MOVLW       0
0x034A	0x2028      	ADDWFC      Glcd_Circle_y_L0+1, 0 
0x034C	0x6E02      	MOVWF       R2 
0x034E	0x0E80      	MOVLW       128
0x0350	0x182A      	XORWF       Glcd_Circle_x_L0+1, 0 
0x0352	0x6E00      	MOVWF       R0 
0x0354	0x0E80      	MOVLW       128
0x0356	0x1802      	XORWF       R2, 0 
0x0358	0x5C00      	SUBWF       R0, 0 
0x035A	0xE102      	BNZ         L__Glcd_Circle346
0x035C	0x5001      	MOVF        R1, 0 
0x035E	0x5C29      	SUBWF       Glcd_Circle_x_L0, 0 
L__Glcd_Circle346:
0x0360	0xB0D8      	BTFSC       STATUS, 0 
0x0362	0xD0A3      	BRA         L_Glcd_Circle84
;__Lib_Glcd.c,518 :: 		
0x0364	0x5029      	MOVF        Glcd_Circle_x_L0, 0 
0x0366	0x241E      	ADDWF       FARG_Glcd_Circle_x_center, 0 
0x0368	0x6E2D      	MOVWF       FARG_Glcd_Dot_x_pos 
0x036A	0x5027      	MOVF        Glcd_Circle_y_L0, 0 
0x036C	0x2420      	ADDWF       FARG_Glcd_Circle_y_center, 0 
0x036E	0x6E2E      	MOVWF       FARG_Glcd_Dot_y_pos 
0x0370	0xF02FC024  	MOVFF       FARG_Glcd_Circle_color, FARG_Glcd_Dot_color
0x0374	0xDEB5      	RCALL       _Glcd_Dot
;__Lib_Glcd.c,519 :: 		
0x0376	0x5029      	MOVF        Glcd_Circle_x_L0, 0 
0x0378	0x241E      	ADDWF       FARG_Glcd_Circle_x_center, 0 
0x037A	0x6E2D      	MOVWF       FARG_Glcd_Dot_x_pos 
0x037C	0x5027      	MOVF        Glcd_Circle_y_L0, 0 
0x037E	0x5C20      	SUBWF       FARG_Glcd_Circle_y_center, 0 
0x0380	0x6E2E      	MOVWF       FARG_Glcd_Dot_y_pos 
0x0382	0xF02FC024  	MOVFF       FARG_Glcd_Circle_color, FARG_Glcd_Dot_color
0x0386	0xDEAC      	RCALL       _Glcd_Dot
;__Lib_Glcd.c,520 :: 		
0x0388	0x0E80      	MOVLW       128
0x038A	0x6E00      	MOVWF       R0 
0x038C	0x0E80      	MOVLW       128
0x038E	0x182A      	XORWF       Glcd_Circle_x_L0+1, 0 
0x0390	0x5C00      	SUBWF       R0, 0 
0x0392	0xE102      	BNZ         L__Glcd_Circle347
0x0394	0x5029      	MOVF        Glcd_Circle_x_L0, 0 
0x0396	0x0800      	SUBLW       0
L__Glcd_Circle347:
0x0398	0xE212      	BC          L_Glcd_Circle85
;__Lib_Glcd.c,521 :: 		
0x039A	0x5029      	MOVF        Glcd_Circle_x_L0, 0 
0x039C	0x5C1E      	SUBWF       FARG_Glcd_Circle_x_center, 0 
0x039E	0x6E2D      	MOVWF       FARG_Glcd_Dot_x_pos 
0x03A0	0x5027      	MOVF        Glcd_Circle_y_L0, 0 
0x03A2	0x2420      	ADDWF       FARG_Glcd_Circle_y_center, 0 
0x03A4	0x6E2E      	MOVWF       FARG_Glcd_Dot_y_pos 
0x03A6	0xF02FC024  	MOVFF       FARG_Glcd_Circle_color, FARG_Glcd_Dot_color
0x03AA	0xDE9A      	RCALL       _Glcd_Dot
;__Lib_Glcd.c,522 :: 		
0x03AC	0x5029      	MOVF        Glcd_Circle_x_L0, 0 
0x03AE	0x5C1E      	SUBWF       FARG_Glcd_Circle_x_center, 0 
0x03B0	0x6E2D      	MOVWF       FARG_Glcd_Dot_x_pos 
0x03B2	0x5027      	MOVF        Glcd_Circle_y_L0, 0 
0x03B4	0x5C20      	SUBWF       FARG_Glcd_Circle_y_center, 0 
0x03B6	0x6E2E      	MOVWF       FARG_Glcd_Dot_y_pos 
0x03B8	0xF02FC024  	MOVFF       FARG_Glcd_Circle_color, FARG_Glcd_Dot_color
0x03BC	0xDE91      	RCALL       _Glcd_Dot
;__Lib_Glcd.c,523 :: 		
L_Glcd_Circle85:
;__Lib_Glcd.c,526 :: 		
0x03BE	0x502A      	MOVF        Glcd_Circle_x_L0+1, 0 
0x03C0	0x1828      	XORWF       Glcd_Circle_y_L0+1, 0 
0x03C2	0xE102      	BNZ         L__Glcd_Circle348
0x03C4	0x5027      	MOVF        Glcd_Circle_y_L0, 0 
0x03C6	0x1829      	XORWF       Glcd_Circle_x_L0, 0 
L__Glcd_Circle348:
0x03C8	0xE035      	BZ          L_Glcd_Circle86
;__Lib_Glcd.c,528 :: 		
0x03CA	0x5027      	MOVF        Glcd_Circle_y_L0, 0 
0x03CC	0x2420      	ADDWF       FARG_Glcd_Circle_y_center, 0 
0x03CE	0x6E2D      	MOVWF       FARG_Glcd_Dot_x_pos 
0x03D0	0x502B      	MOVF        Glcd_Circle_d_L0, 0 
0x03D2	0x5E2D      	SUBWF       FARG_Glcd_Dot_x_pos, 1 
0x03D4	0x5029      	MOVF        Glcd_Circle_x_L0, 0 
0x03D6	0x2420      	ADDWF       FARG_Glcd_Circle_y_center, 0 
0x03D8	0x6E2E      	MOVWF       FARG_Glcd_Dot_y_pos 
0x03DA	0xF02FC024  	MOVFF       FARG_Glcd_Circle_color, FARG_Glcd_Dot_color
0x03DE	0xDE80      	RCALL       _Glcd_Dot
;__Lib_Glcd.c,529 :: 		
0x03E0	0x5027      	MOVF        Glcd_Circle_y_L0, 0 
0x03E2	0x5C20      	SUBWF       FARG_Glcd_Circle_y_center, 0 
0x03E4	0x6E2D      	MOVWF       FARG_Glcd_Dot_x_pos 
0x03E6	0x502B      	MOVF        Glcd_Circle_d_L0, 0 
0x03E8	0x5E2D      	SUBWF       FARG_Glcd_Dot_x_pos, 1 
0x03EA	0x5029      	MOVF        Glcd_Circle_x_L0, 0 
0x03EC	0x2420      	ADDWF       FARG_Glcd_Circle_y_center, 0 
0x03EE	0x6E2E      	MOVWF       FARG_Glcd_Dot_y_pos 
0x03F0	0xF02FC024  	MOVFF       FARG_Glcd_Circle_color, FARG_Glcd_Dot_color
0x03F4	0xDE75      	RCALL       _Glcd_Dot
;__Lib_Glcd.c,530 :: 		
0x03F6	0x0E80      	MOVLW       128
0x03F8	0x6E00      	MOVWF       R0 
0x03FA	0x0E80      	MOVLW       128
0x03FC	0x182A      	XORWF       Glcd_Circle_x_L0+1, 0 
0x03FE	0x5C00      	SUBWF       R0, 0 
0x0400	0xE102      	BNZ         L__Glcd_Circle349
0x0402	0x5029      	MOVF        Glcd_Circle_x_L0, 0 
0x0404	0x0800      	SUBLW       0
L__Glcd_Circle349:
0x0406	0xE216      	BC          L_Glcd_Circle87
;__Lib_Glcd.c,532 :: 		
0x0408	0x5027      	MOVF        Glcd_Circle_y_L0, 0 
0x040A	0x2420      	ADDWF       FARG_Glcd_Circle_y_center, 0 
0x040C	0x6E2D      	MOVWF       FARG_Glcd_Dot_x_pos 
0x040E	0x502B      	MOVF        Glcd_Circle_d_L0, 0 
0x0410	0x5E2D      	SUBWF       FARG_Glcd_Dot_x_pos, 1 
0x0412	0x5029      	MOVF        Glcd_Circle_x_L0, 0 
0x0414	0x5C20      	SUBWF       FARG_Glcd_Circle_y_center, 0 
0x0416	0x6E2E      	MOVWF       FARG_Glcd_Dot_y_pos 
0x0418	0xF02FC024  	MOVFF       FARG_Glcd_Circle_color, FARG_Glcd_Dot_color
0x041C	0xDE61      	RCALL       _Glcd_Dot
;__Lib_Glcd.c,533 :: 		
0x041E	0x5027      	MOVF        Glcd_Circle_y_L0, 0 
0x0420	0x5C20      	SUBWF       FARG_Glcd_Circle_y_center, 0 
0x0422	0x6E2D      	MOVWF       FARG_Glcd_Dot_x_pos 
0x0424	0x502B      	MOVF        Glcd_Circle_d_L0, 0 
0x0426	0x5E2D      	SUBWF       FARG_Glcd_Dot_x_pos, 1 
0x0428	0x5029      	MOVF        Glcd_Circle_x_L0, 0 
0x042A	0x5C20      	SUBWF       FARG_Glcd_Circle_y_center, 0 
0x042C	0x6E2E      	MOVWF       FARG_Glcd_Dot_y_pos 
0x042E	0xF02FC024  	MOVFF       FARG_Glcd_Circle_color, FARG_Glcd_Dot_color
0x0432	0xDE56      	RCALL       _Glcd_Dot
;__Lib_Glcd.c,534 :: 		
L_Glcd_Circle87:
;__Lib_Glcd.c,535 :: 		
L_Glcd_Circle86:
;__Lib_Glcd.c,537 :: 		
0x0434	0x0E80      	MOVLW       128
0x0436	0x1826      	XORWF       Glcd_Circle_tswitch_L0+1, 0 
0x0438	0x6E00      	MOVWF       R0 
0x043A	0x0E80      	MOVLW       128
0x043C	0x5C00      	SUBWF       R0, 0 
0x043E	0xE102      	BNZ         L__Glcd_Circle350
0x0440	0x0E00      	MOVLW       0
0x0442	0x5C25      	SUBWF       Glcd_Circle_tswitch_L0, 0 
L__Glcd_Circle350:
0x0444	0xE213      	BC          L_Glcd_Circle88
;__Lib_Glcd.c,538 :: 		
0x0446	0xF000C029  	MOVFF       Glcd_Circle_x_L0, R0
0x044A	0xF001C02A  	MOVFF       Glcd_Circle_x_L0+1, R1
0x044E	0x3600      	RLCF        R0, 1 
0x0450	0x9000      	BCF         R0, 0 
0x0452	0x3601      	RLCF        R1, 1 
0x0454	0x3600      	RLCF        R0, 1 
0x0456	0x9000      	BCF         R0, 0 
0x0458	0x3601      	RLCF        R1, 1 
0x045A	0x0E06      	MOVLW       6
0x045C	0x2600      	ADDWF       R0, 1 
0x045E	0x0E00      	MOVLW       0
0x0460	0x2201      	ADDWFC      R1, 1 
0x0462	0x5000      	MOVF        R0, 0 
0x0464	0x2625      	ADDWF       Glcd_Circle_tswitch_L0, 1 
0x0466	0x5001      	MOVF        R1, 0 
0x0468	0x2226      	ADDWFC      Glcd_Circle_tswitch_L0+1, 1 
0x046A	0xD01C      	BRA         L_Glcd_Circle89
L_Glcd_Circle88:
;__Lib_Glcd.c,541 :: 		
0x046C	0x5027      	MOVF        Glcd_Circle_y_L0, 0 
0x046E	0x5C29      	SUBWF       Glcd_Circle_x_L0, 0 
0x0470	0x6E03      	MOVWF       R3 
0x0472	0x5028      	MOVF        Glcd_Circle_y_L0+1, 0 
0x0474	0x582A      	SUBWFB      Glcd_Circle_x_L0+1, 0 
0x0476	0x6E04      	MOVWF       R4 
0x0478	0xF000C003  	MOVFF       R3, R0
0x047C	0xF001C004  	MOVFF       R4, R1
0x0480	0x3600      	RLCF        R0, 1 
0x0482	0x9000      	BCF         R0, 0 
0x0484	0x3601      	RLCF        R1, 1 
0x0486	0x3600      	RLCF        R0, 1 
0x0488	0x9000      	BCF         R0, 0 
0x048A	0x3601      	RLCF        R1, 1 
0x048C	0x0E0A      	MOVLW       10
0x048E	0x2600      	ADDWF       R0, 1 
0x0490	0x0E00      	MOVLW       0
0x0492	0x2201      	ADDWFC      R1, 1 
0x0494	0x5000      	MOVF        R0, 0 
0x0496	0x2625      	ADDWF       Glcd_Circle_tswitch_L0, 1 
0x0498	0x5001      	MOVF        R1, 0 
0x049A	0x2226      	ADDWFC      Glcd_Circle_tswitch_L0+1, 1 
;__Lib_Glcd.c,542 :: 		
0x049C	0x0E01      	MOVLW       1
0x049E	0x5E27      	SUBWF       Glcd_Circle_y_L0, 1 
0x04A0	0x0E00      	MOVLW       0
0x04A2	0x5A28      	SUBWFB      Glcd_Circle_y_L0+1, 1 
;__Lib_Glcd.c,543 :: 		
L_Glcd_Circle89:
;__Lib_Glcd.c,544 :: 		
0x04A4	0x4A29      	INFSNZ      Glcd_Circle_x_L0, 1 
0x04A6	0x2A2A      	INCF        Glcd_Circle_x_L0+1, 1 
;__Lib_Glcd.c,545 :: 		
0x04A8	0xD74C      	BRA         L_Glcd_Circle83
L_Glcd_Circle84:
;__Lib_Glcd.c,546 :: 		
L_end_Glcd_Circle:
0x04AA	0x0012      	RETURN      0
; end of _Glcd_Circle
___CC2DW:
;__Lib_System.c,21 :: 		
;__Lib_System.c,23 :: 		
_CC2DL_Loop1:
;__Lib_System.c,24 :: 		
0x04AC	0x0009      	TBLRD*+
;__Lib_System.c,25 :: 		
0x04AE	0xFFE6CFF5  	MOVFF       TABLAT, POSTINC1
;__Lib_System.c,26 :: 		
0x04B2	0x0600      	DECF        R0, 1, 0
;__Lib_System.c,27 :: 		
0x04B4	0xE1FB      	BNZ         _CC2DL_Loop1
;__Lib_System.c,28 :: 		
0x04B6	0x0601      	DECF        R1, 1, 0
;__Lib_System.c,29 :: 		
0x04B8	0xE1F9      	BNZ         _CC2DL_Loop1
;__Lib_System.c,31 :: 		
L_end___CC2DW:
0x04BA	0x0012      	RETURN      0
; end of ___CC2DW
_main:
;drawImagePixel.c,84 :: 		void main() {
;drawImagePixel.c,87 :: 		Objeto player = {62, 32};
0x04BC	0x0E3E      	MOVLW       62
0x04BE	0x6E1C      	MOVWF       main_player_L0 
0x04C0	0x0E20      	MOVLW       32
0x04C2	0x6E1D      	MOVWF       main_player_L0+1 
;drawImagePixel.c,93 :: 		state = 0;
0x04C4	0x6A18      	CLRF        main_state_L0 
0x04C6	0x6A19      	CLRF        main_state_L0+1 
;drawImagePixel.c,94 :: 		modeGame = 0;
0x04C8	0x6A1A      	CLRF        main_modeGame_L0 
0x04CA	0x6A1B      	CLRF        main_modeGame_L0+1 
;drawImagePixel.c,97 :: 		ADCON1=0x0F;
0x04CC	0x0E0F      	MOVLW       15
0x04CE	0x6EC1      	MOVWF       ADCON1 
;drawImagePixel.c,104 :: 		Glcd_Init();                                   // Initialize GLCD
0x04D0	0xDEE3      	RCALL       _Glcd_Init
;drawImagePixel.c,105 :: 		Glcd_Fill(0x00);                               // Clear GLCD
0x04D2	0x6A2D      	CLRF        FARG_Glcd_Fill_pattern 
0x04D4	0xDEA2      	RCALL       _Glcd_Fill
;drawImagePixel.c,109 :: 		while (1)
L_main0:
;drawImagePixel.c,111 :: 		switch (state)
0x04D6	0xD144      	BRA         L_main2
;drawImagePixel.c,113 :: 		case 0:
L_main4:
;drawImagePixel.c,114 :: 		primerFrame();
0x04D8	0xDEC9      	RCALL       _primerFrame
;drawImagePixel.c,115 :: 		state = 1;
0x04DA	0x0E01      	MOVLW       1
0x04DC	0x6E18      	MOVWF       main_state_L0 
0x04DE	0x0E00      	MOVLW       0
0x04E0	0x6E19      	MOVWF       main_state_L0+1 
;drawImagePixel.c,116 :: 		break;
0x04E2	0xD154      	BRA         L_main3
;drawImagePixel.c,118 :: 		case 1:
L_main5:
;drawImagePixel.c,119 :: 		Glcd_Image(seleccionDeJuego);
0x04E4	0x0E90      	MOVLW       _seleccionDeJuego
0x04E6	0x6E2D      	MOVWF       FARG_Glcd_Image_image 
0x04E8	0x0E07      	MOVLW       hi_addr(_seleccionDeJuego)
0x04EA	0x6E2E      	MOVWF       FARG_Glcd_Image_image+1 
0x04EC	0x0E00      	MOVLW       higher_addr(_seleccionDeJuego)
0x04EE	0x6E2F      	MOVWF       FARG_Glcd_Image_image+2 
0x04F0	0xDE50      	RCALL       _Glcd_Image
;drawImagePixel.c,120 :: 		Glcd_Circle(25, 34, 4, 1);
0x04F2	0x0E19      	MOVLW       25
0x04F4	0x6E1E      	MOVWF       FARG_Glcd_Circle_x_center 
0x04F6	0x0E00      	MOVLW       0
0x04F8	0x6E1F      	MOVWF       FARG_Glcd_Circle_x_center+1 
0x04FA	0x0E22      	MOVLW       34
0x04FC	0x6E20      	MOVWF       FARG_Glcd_Circle_y_center 
0x04FE	0x0E00      	MOVLW       0
0x0500	0x6E21      	MOVWF       FARG_Glcd_Circle_y_center+1 
0x0502	0x0E04      	MOVLW       4
0x0504	0x6E22      	MOVWF       FARG_Glcd_Circle_radius 
0x0506	0x0E00      	MOVLW       0
0x0508	0x6E23      	MOVWF       FARG_Glcd_Circle_radius+1 
0x050A	0x0E01      	MOVLW       1
0x050C	0x6E24      	MOVWF       FARG_Glcd_Circle_color 
0x050E	0xDEED      	RCALL       _Glcd_Circle
;drawImagePixel.c,121 :: 		while (1)
L_main6:
;drawImagePixel.c,123 :: 		if ((PORTA.B4 == 1) && (modeGame == 0))
0x0510	0xA880      	BTFSS       PORTA, 4 
0x0512	0xD015      	BRA         L_main10
0x0514	0x0E00      	MOVLW       0
0x0516	0x181B      	XORWF       main_modeGame_L0+1, 0 
0x0518	0xE102      	BNZ         L__main51
0x051A	0x0E00      	MOVLW       0
0x051C	0x181A      	XORWF       main_modeGame_L0, 0 
L__main51:
0x051E	0xE10F      	BNZ         L_main10
L__main49:
;drawImagePixel.c,125 :: 		Delay_ms(20);
0x0520	0x0E34      	MOVLW       52
0x0522	0x6E0C      	MOVWF       R12, 0
0x0524	0x0EF1      	MOVLW       241
0x0526	0x6E0D      	MOVWF       R13, 0
L_main11:
0x0528	0x2E0D      	DECFSZ      R13, 1, 0
0x052A	0xD7FE      	BRA         L_main11
0x052C	0x2E0C      	DECFSZ      R12, 1, 0
0x052E	0xD7FC      	BRA         L_main11
0x0530	0x0000      	NOP
0x0532	0x0000      	NOP
;drawImagePixel.c,126 :: 		state = 2;
0x0534	0x0E02      	MOVLW       2
0x0536	0x6E18      	MOVWF       main_state_L0 
0x0538	0x0E00      	MOVLW       0
0x053A	0x6E19      	MOVWF       main_state_L0+1 
;drawImagePixel.c,127 :: 		break;
0x053C	0xD094      	BRA         L_main7
;drawImagePixel.c,128 :: 		}
L_main10:
;drawImagePixel.c,130 :: 		if ((modeGame == 0) && ((PORTA.B3 == 1) || (PORTA.B2 == 1)))
0x053E	0x0E00      	MOVLW       0
0x0540	0x181B      	XORWF       main_modeGame_L0+1, 0 
0x0542	0xE102      	BNZ         L__main52
0x0544	0x0E00      	MOVLW       0
0x0546	0x181A      	XORWF       main_modeGame_L0, 0 
L__main52:
0x0548	0xE139      	BNZ         L_main16
0x054A	0xB680      	BTFSC       PORTA, 3 
0x054C	0xD003      	BRA         L__main48
0x054E	0xB480      	BTFSC       PORTA, 2 
0x0550	0xD001      	BRA         L__main48
0x0552	0xD034      	BRA         L_main16
L__main48:
L__main47:
;drawImagePixel.c,132 :: 		Glcd_Fill(0x00);
0x0554	0x6A2D      	CLRF        FARG_Glcd_Fill_pattern 
0x0556	0xDE61      	RCALL       _Glcd_Fill
;drawImagePixel.c,133 :: 		Delay_ms(20);
0x0558	0x0E34      	MOVLW       52
0x055A	0x6E0C      	MOVWF       R12, 0
0x055C	0x0EF1      	MOVLW       241
0x055E	0x6E0D      	MOVWF       R13, 0
L_main17:
0x0560	0x2E0D      	DECFSZ      R13, 1, 0
0x0562	0xD7FE      	BRA         L_main17
0x0564	0x2E0C      	DECFSZ      R12, 1, 0
0x0566	0xD7FC      	BRA         L_main17
0x0568	0x0000      	NOP
0x056A	0x0000      	NOP
;drawImagePixel.c,134 :: 		Glcd_Image(seleccionDeJuego);
0x056C	0x0E90      	MOVLW       _seleccionDeJuego
0x056E	0x6E2D      	MOVWF       FARG_Glcd_Image_image 
0x0570	0x0E07      	MOVLW       hi_addr(_seleccionDeJuego)
0x0572	0x6E2E      	MOVWF       FARG_Glcd_Image_image+1 
0x0574	0x0E00      	MOVLW       higher_addr(_seleccionDeJuego)
0x0576	0x6E2F      	MOVWF       FARG_Glcd_Image_image+2 
0x0578	0xDE0C      	RCALL       _Glcd_Image
;drawImagePixel.c,135 :: 		Glcd_Circle(25, 48, 4, 1);
0x057A	0x0E19      	MOVLW       25
0x057C	0x6E1E      	MOVWF       FARG_Glcd_Circle_x_center 
0x057E	0x0E00      	MOVLW       0
0x0580	0x6E1F      	MOVWF       FARG_Glcd_Circle_x_center+1 
0x0582	0x0E30      	MOVLW       48
0x0584	0x6E20      	MOVWF       FARG_Glcd_Circle_y_center 
0x0586	0x0E00      	MOVLW       0
0x0588	0x6E21      	MOVWF       FARG_Glcd_Circle_y_center+1 
0x058A	0x0E04      	MOVLW       4
0x058C	0x6E22      	MOVWF       FARG_Glcd_Circle_radius 
0x058E	0x0E00      	MOVLW       0
0x0590	0x6E23      	MOVWF       FARG_Glcd_Circle_radius+1 
0x0592	0x0E01      	MOVLW       1
0x0594	0x6E24      	MOVWF       FARG_Glcd_Circle_color 
0x0596	0xDEA9      	RCALL       _Glcd_Circle
;drawImagePixel.c,136 :: 		Delay_ms(1000);
0x0598	0x0E0B      	MOVLW       11
0x059A	0x6E0B      	MOVWF       R11, 0
0x059C	0x0E26      	MOVLW       38
0x059E	0x6E0C      	MOVWF       R12, 0
0x05A0	0x0E5D      	MOVLW       93
0x05A2	0x6E0D      	MOVWF       R13, 0
L_main18:
0x05A4	0x2E0D      	DECFSZ      R13, 1, 0
0x05A6	0xD7FE      	BRA         L_main18
0x05A8	0x2E0C      	DECFSZ      R12, 1, 0
0x05AA	0xD7FC      	BRA         L_main18
0x05AC	0x2E0B      	DECFSZ      R11, 1, 0
0x05AE	0xD7FA      	BRA         L_main18
0x05B0	0x0000      	NOP
0x05B2	0x0000      	NOP
;drawImagePixel.c,137 :: 		modeGame = 1;
0x05B4	0x0E01      	MOVLW       1
0x05B6	0x6E1A      	MOVWF       main_modeGame_L0 
0x05B8	0x0E00      	MOVLW       0
0x05BA	0x6E1B      	MOVWF       main_modeGame_L0+1 
;drawImagePixel.c,138 :: 		}
L_main16:
;drawImagePixel.c,141 :: 		if ((PORTA.B4 == 1) && (modeGame == 1))
0x05BC	0xA880      	BTFSS       PORTA, 4 
0x05BE	0xD015      	BRA         L_main21
0x05C0	0x0E00      	MOVLW       0
0x05C2	0x181B      	XORWF       main_modeGame_L0+1, 0 
0x05C4	0xE102      	BNZ         L__main53
0x05C6	0x0E01      	MOVLW       1
0x05C8	0x181A      	XORWF       main_modeGame_L0, 0 
L__main53:
0x05CA	0xE10F      	BNZ         L_main21
L__main46:
;drawImagePixel.c,143 :: 		Delay_ms(20);
0x05CC	0x0E34      	MOVLW       52
0x05CE	0x6E0C      	MOVWF       R12, 0
0x05D0	0x0EF1      	MOVLW       241
0x05D2	0x6E0D      	MOVWF       R13, 0
L_main22:
0x05D4	0x2E0D      	DECFSZ      R13, 1, 0
0x05D6	0xD7FE      	BRA         L_main22
0x05D8	0x2E0C      	DECFSZ      R12, 1, 0
0x05DA	0xD7FC      	BRA         L_main22
0x05DC	0x0000      	NOP
0x05DE	0x0000      	NOP
;drawImagePixel.c,144 :: 		state = 3;
0x05E0	0x0E03      	MOVLW       3
0x05E2	0x6E18      	MOVWF       main_state_L0 
0x05E4	0x0E00      	MOVLW       0
0x05E6	0x6E19      	MOVWF       main_state_L0+1 
;drawImagePixel.c,145 :: 		break;
0x05E8	0xD03E      	BRA         L_main7
;drawImagePixel.c,146 :: 		}
L_main21:
;drawImagePixel.c,148 :: 		if ((modeGame == 1) && ((PORTA.B3 == 1) || (PORTA.B2 == 1)))
0x05EA	0x0E00      	MOVLW       0
0x05EC	0x181B      	XORWF       main_modeGame_L0+1, 0 
0x05EE	0xE102      	BNZ         L__main54
0x05F0	0x0E01      	MOVLW       1
0x05F2	0x181A      	XORWF       main_modeGame_L0, 0 
L__main54:
0x05F4	0xE137      	BNZ         L_main27
0x05F6	0xB680      	BTFSC       PORTA, 3 
0x05F8	0xD003      	BRA         L__main45
0x05FA	0xB480      	BTFSC       PORTA, 2 
0x05FC	0xD001      	BRA         L__main45
0x05FE	0xD032      	BRA         L_main27
L__main45:
L__main44:
;drawImagePixel.c,150 :: 		Glcd_Fill(0x00);
0x0600	0x6A2D      	CLRF        FARG_Glcd_Fill_pattern 
0x0602	0xDE0B      	RCALL       _Glcd_Fill
;drawImagePixel.c,151 :: 		Delay_ms(20);
0x0604	0x0E34      	MOVLW       52
0x0606	0x6E0C      	MOVWF       R12, 0
0x0608	0x0EF1      	MOVLW       241
0x060A	0x6E0D      	MOVWF       R13, 0
L_main28:
0x060C	0x2E0D      	DECFSZ      R13, 1, 0
0x060E	0xD7FE      	BRA         L_main28
0x0610	0x2E0C      	DECFSZ      R12, 1, 0
0x0612	0xD7FC      	BRA         L_main28
0x0614	0x0000      	NOP
0x0616	0x0000      	NOP
;drawImagePixel.c,152 :: 		Glcd_Image(seleccionDeJuego);
0x0618	0x0E90      	MOVLW       _seleccionDeJuego
0x061A	0x6E2D      	MOVWF       FARG_Glcd_Image_image 
0x061C	0x0E07      	MOVLW       hi_addr(_seleccionDeJuego)
0x061E	0x6E2E      	MOVWF       FARG_Glcd_Image_image+1 
0x0620	0x0E00      	MOVLW       higher_addr(_seleccionDeJuego)
0x0622	0x6E2F      	MOVWF       FARG_Glcd_Image_image+2 
0x0624	0xDDB6      	RCALL       _Glcd_Image
;drawImagePixel.c,153 :: 		Glcd_Circle(25, 35, 4, 1);
0x0626	0x0E19      	MOVLW       25
0x0628	0x6E1E      	MOVWF       FARG_Glcd_Circle_x_center 
0x062A	0x0E00      	MOVLW       0
0x062C	0x6E1F      	MOVWF       FARG_Glcd_Circle_x_center+1 
0x062E	0x0E23      	MOVLW       35
0x0630	0x6E20      	MOVWF       FARG_Glcd_Circle_y_center 
0x0632	0x0E00      	MOVLW       0
0x0634	0x6E21      	MOVWF       FARG_Glcd_Circle_y_center+1 
0x0636	0x0E04      	MOVLW       4
0x0638	0x6E22      	MOVWF       FARG_Glcd_Circle_radius 
0x063A	0x0E00      	MOVLW       0
0x063C	0x6E23      	MOVWF       FARG_Glcd_Circle_radius+1 
0x063E	0x0E01      	MOVLW       1
0x0640	0x6E24      	MOVWF       FARG_Glcd_Circle_color 
0x0642	0xDE53      	RCALL       _Glcd_Circle
;drawImagePixel.c,154 :: 		Delay_ms(1000);
0x0644	0x0E0B      	MOVLW       11
0x0646	0x6E0B      	MOVWF       R11, 0
0x0648	0x0E26      	MOVLW       38
0x064A	0x6E0C      	MOVWF       R12, 0
0x064C	0x0E5D      	MOVLW       93
0x064E	0x6E0D      	MOVWF       R13, 0
L_main29:
0x0650	0x2E0D      	DECFSZ      R13, 1, 0
0x0652	0xD7FE      	BRA         L_main29
0x0654	0x2E0C      	DECFSZ      R12, 1, 0
0x0656	0xD7FC      	BRA         L_main29
0x0658	0x2E0B      	DECFSZ      R11, 1, 0
0x065A	0xD7FA      	BRA         L_main29
0x065C	0x0000      	NOP
0x065E	0x0000      	NOP
;drawImagePixel.c,155 :: 		modeGame = 0;
0x0660	0x6A1A      	CLRF        main_modeGame_L0 
0x0662	0x6A1B      	CLRF        main_modeGame_L0+1 
;drawImagePixel.c,156 :: 		}
L_main27:
;drawImagePixel.c,159 :: 		}
0x0664	0xD755      	BRA         L_main6
L_main7:
;drawImagePixel.c,160 :: 		Delay_ms(1000);
0x0666	0x0E0B      	MOVLW       11
0x0668	0x6E0B      	MOVWF       R11, 0
0x066A	0x0E26      	MOVLW       38
0x066C	0x6E0C      	MOVWF       R12, 0
0x066E	0x0E5D      	MOVLW       93
0x0670	0x6E0D      	MOVWF       R13, 0
L_main30:
0x0672	0x2E0D      	DECFSZ      R13, 1, 0
0x0674	0xD7FE      	BRA         L_main30
0x0676	0x2E0C      	DECFSZ      R12, 1, 0
0x0678	0xD7FC      	BRA         L_main30
0x067A	0x2E0B      	DECFSZ      R11, 1, 0
0x067C	0xD7FA      	BRA         L_main30
0x067E	0x0000      	NOP
0x0680	0x0000      	NOP
;drawImagePixel.c,161 :: 		Glcd_Fill(0x00);
0x0682	0x6A2D      	CLRF        FARG_Glcd_Fill_pattern 
0x0684	0xDDCA      	RCALL       _Glcd_Fill
;drawImagePixel.c,162 :: 		break;
0x0686	0xD082      	BRA         L_main3
;drawImagePixel.c,166 :: 		case 2:
L_main31:
;drawImagePixel.c,168 :: 		Glcd_Dot(player.positionX, player.positionY, 2);
0x0688	0xF02DC01C  	MOVFF       main_player_L0, FARG_Glcd_Dot_x_pos
0x068C	0xF02EC01D  	MOVFF       main_player_L0+1, FARG_Glcd_Dot_y_pos
0x0690	0x0E02      	MOVLW       2
0x0692	0x6E2F      	MOVWF       FARG_Glcd_Dot_color 
0x0694	0xDD25      	RCALL       _Glcd_Dot
;drawImagePixel.c,169 :: 		Delay_ms(10);
0x0696	0x0E1A      	MOVLW       26
0x0698	0x6E0C      	MOVWF       R12, 0
0x069A	0x0EF8      	MOVLW       248
0x069C	0x6E0D      	MOVWF       R13, 0
L_main32:
0x069E	0x2E0D      	DECFSZ      R13, 1, 0
0x06A0	0xD7FE      	BRA         L_main32
0x06A2	0x2E0C      	DECFSZ      R12, 1, 0
0x06A4	0xD7FC      	BRA         L_main32
0x06A6	0x0000      	NOP
;drawImagePixel.c,173 :: 		Glcd_Dot(player.positionX, player.positionY, 2);
0x06A8	0xF02DC01C  	MOVFF       main_player_L0, FARG_Glcd_Dot_x_pos
0x06AC	0xF02EC01D  	MOVFF       main_player_L0+1, FARG_Glcd_Dot_y_pos
0x06B0	0x0E02      	MOVLW       2
0x06B2	0x6E2F      	MOVWF       FARG_Glcd_Dot_color 
0x06B4	0xDD15      	RCALL       _Glcd_Dot
;drawImagePixel.c,174 :: 		Delay_ms(10);
0x06B6	0x0E1A      	MOVLW       26
0x06B8	0x6E0C      	MOVWF       R12, 0
0x06BA	0x0EF8      	MOVLW       248
0x06BC	0x6E0D      	MOVWF       R13, 0
L_main33:
0x06BE	0x2E0D      	DECFSZ      R13, 1, 0
0x06C0	0xD7FE      	BRA         L_main33
0x06C2	0x2E0C      	DECFSZ      R12, 1, 0
0x06C4	0xD7FC      	BRA         L_main33
0x06C6	0x0000      	NOP
;drawImagePixel.c,176 :: 		if (PORTA.B0 == 1)
0x06C8	0xA080      	BTFSS       PORTA, 0 
0x06CA	0xD011      	BRA         L_main34
;drawImagePixel.c,178 :: 		Glcd_Fill(0x00);
0x06CC	0x6A2D      	CLRF        FARG_Glcd_Fill_pattern 
0x06CE	0xDDA5      	RCALL       _Glcd_Fill
;drawImagePixel.c,179 :: 		Delay_ms(5);
0x06D0	0x0E0D      	MOVLW       13
0x06D2	0x6E0C      	MOVWF       R12, 0
0x06D4	0x0EFB      	MOVLW       251
0x06D6	0x6E0D      	MOVWF       R13, 0
L_main35:
0x06D8	0x2E0D      	DECFSZ      R13, 1, 0
0x06DA	0xD7FE      	BRA         L_main35
0x06DC	0x2E0C      	DECFSZ      R12, 1, 0
0x06DE	0xD7FC      	BRA         L_main35
0x06E0	0x0000      	NOP
0x06E2	0x0000      	NOP
;drawImagePixel.c,180 :: 		player.positionX = player.positionX + 1;
0x06E4	0x501C      	MOVF        main_player_L0, 0 
0x06E6	0x0F01      	ADDLW       1
0x06E8	0x6E00      	MOVWF       R0 
0x06EA	0xF01CC000  	MOVFF       R0, main_player_L0
;drawImagePixel.c,181 :: 		}
L_main34:
;drawImagePixel.c,183 :: 		if (PORTA.B1 == 1)
0x06EE	0xA280      	BTFSS       PORTA, 1 
0x06F0	0xD010      	BRA         L_main36
;drawImagePixel.c,185 :: 		Glcd_Fill(0x00);
0x06F2	0x6A2D      	CLRF        FARG_Glcd_Fill_pattern 
0x06F4	0xDD92      	RCALL       _Glcd_Fill
;drawImagePixel.c,186 :: 		Delay_ms(5);
0x06F6	0x0E0D      	MOVLW       13
0x06F8	0x6E0C      	MOVWF       R12, 0
0x06FA	0x0EFB      	MOVLW       251
0x06FC	0x6E0D      	MOVWF       R13, 0
L_main37:
0x06FE	0x2E0D      	DECFSZ      R13, 1, 0
0x0700	0xD7FE      	BRA         L_main37
0x0702	0x2E0C      	DECFSZ      R12, 1, 0
0x0704	0xD7FC      	BRA         L_main37
0x0706	0x0000      	NOP
0x0708	0x0000      	NOP
;drawImagePixel.c,187 :: 		player.positionX = player.positionX - 1;
0x070A	0x041C      	DECF        main_player_L0, 0 
0x070C	0x6E00      	MOVWF       R0 
0x070E	0xF01CC000  	MOVFF       R0, main_player_L0
;drawImagePixel.c,188 :: 		}
L_main36:
;drawImagePixel.c,191 :: 		if (PORTA.B2 == 1)
0x0712	0xA480      	BTFSS       PORTA, 2 
0x0714	0xD011      	BRA         L_main38
;drawImagePixel.c,193 :: 		Glcd_Fill(0x00);
0x0716	0x6A2D      	CLRF        FARG_Glcd_Fill_pattern 
0x0718	0xDD80      	RCALL       _Glcd_Fill
;drawImagePixel.c,194 :: 		Delay_ms(5);
0x071A	0x0E0D      	MOVLW       13
0x071C	0x6E0C      	MOVWF       R12, 0
0x071E	0x0EFB      	MOVLW       251
0x0720	0x6E0D      	MOVWF       R13, 0
L_main39:
0x0722	0x2E0D      	DECFSZ      R13, 1, 0
0x0724	0xD7FE      	BRA         L_main39
0x0726	0x2E0C      	DECFSZ      R12, 1, 0
0x0728	0xD7FC      	BRA         L_main39
0x072A	0x0000      	NOP
0x072C	0x0000      	NOP
;drawImagePixel.c,195 :: 		player.positionY = player.positionY + 1;
0x072E	0x501D      	MOVF        main_player_L0+1, 0 
0x0730	0x0F01      	ADDLW       1
0x0732	0x6E00      	MOVWF       R0 
0x0734	0xF01DC000  	MOVFF       R0, main_player_L0+1
;drawImagePixel.c,196 :: 		}
L_main38:
;drawImagePixel.c,198 :: 		if (PORTA.B3 == 1)
0x0738	0xA680      	BTFSS       PORTA, 3 
0x073A	0xD010      	BRA         L_main40
;drawImagePixel.c,200 :: 		Glcd_Fill(0x00);
0x073C	0x6A2D      	CLRF        FARG_Glcd_Fill_pattern 
0x073E	0xDD6D      	RCALL       _Glcd_Fill
;drawImagePixel.c,201 :: 		Delay_ms(5);
0x0740	0x0E0D      	MOVLW       13
0x0742	0x6E0C      	MOVWF       R12, 0
0x0744	0x0EFB      	MOVLW       251
0x0746	0x6E0D      	MOVWF       R13, 0
L_main41:
0x0748	0x2E0D      	DECFSZ      R13, 1, 0
0x074A	0xD7FE      	BRA         L_main41
0x074C	0x2E0C      	DECFSZ      R12, 1, 0
0x074E	0xD7FC      	BRA         L_main41
0x0750	0x0000      	NOP
0x0752	0x0000      	NOP
;drawImagePixel.c,202 :: 		player.positionY = player.positionY - 1;
0x0754	0x041D      	DECF        main_player_L0+1, 0 
0x0756	0x6E00      	MOVWF       R0 
0x0758	0xF01DC000  	MOVFF       R0, main_player_L0+1
;drawImagePixel.c,203 :: 		}
L_main40:
;drawImagePixel.c,205 :: 		break;
0x075C	0xD017      	BRA         L_main3
;drawImagePixel.c,207 :: 		default:
L_main42:
;drawImagePixel.c,208 :: 		break;
0x075E	0xD016      	BRA         L_main3
;drawImagePixel.c,209 :: 		}
L_main2:
0x0760	0x0E00      	MOVLW       0
0x0762	0x1819      	XORWF       main_state_L0+1, 0 
0x0764	0xE102      	BNZ         L__main55
0x0766	0x0E00      	MOVLW       0
0x0768	0x1818      	XORWF       main_state_L0, 0 
L__main55:
0x076A	0xB4D8      	BTFSC       STATUS, 2 
0x076C	0xD6B5      	BRA         L_main4
0x076E	0x0E00      	MOVLW       0
0x0770	0x1819      	XORWF       main_state_L0+1, 0 
0x0772	0xE102      	BNZ         L__main56
0x0774	0x0E01      	MOVLW       1
0x0776	0x1818      	XORWF       main_state_L0, 0 
L__main56:
0x0778	0xB4D8      	BTFSC       STATUS, 2 
0x077A	0xD6B4      	BRA         L_main5
0x077C	0x0E00      	MOVLW       0
0x077E	0x1819      	XORWF       main_state_L0+1, 0 
0x0780	0xE102      	BNZ         L__main57
0x0782	0x0E02      	MOVLW       2
0x0784	0x1818      	XORWF       main_state_L0, 0 
L__main57:
0x0786	0xB4D8      	BTFSC       STATUS, 2 
0x0788	0xD77F      	BRA         L_main31
0x078A	0xD7E9      	BRA         L_main42
L_main3:
;drawImagePixel.c,211 :: 		}
0x078C	0xD6A4      	BRA         L_main0
;drawImagePixel.c,214 :: 		}
L_end_main:
0x078E	0xD7FF      	BRA         $+0
; end of _main
;drawImagePixel.c,30 :: _seleccionDeJuego
0x0790	0x0000 ;_seleccionDeJuego+0
0x0792	0x0000 ;_seleccionDeJuego+2
0x0794	0x0000 ;_seleccionDeJuego+4
0x0796	0x0000 ;_seleccionDeJuego+6
0x0798	0x0000 ;_seleccionDeJuego+8
0x079A	0x0000 ;_seleccionDeJuego+10
0x079C	0x0000 ;_seleccionDeJuego+12
0x079E	0x0000 ;_seleccionDeJuego+14
0x07A0	0x0000 ;_seleccionDeJuego+16
0x07A2	0x0000 ;_seleccionDeJuego+18
0x07A4	0x0000 ;_seleccionDeJuego+20
0x07A6	0x0000 ;_seleccionDeJuego+22
0x07A8	0x0000 ;_seleccionDeJuego+24
0x07AA	0xFFFF ;_seleccionDeJuego+26
0x07AC	0xFFFF ;_seleccionDeJuego+28
0x07AE	0x8F8F ;_seleccionDeJuego+30
0x07B0	0x8F8F ;_seleccionDeJuego+32
0x07B2	0x8F8F ;_seleccionDeJuego+34
0x07B4	0x8F8F ;_seleccionDeJuego+36
0x07B6	0xFF8F ;_seleccionDeJuego+38
0x07B8	0xFFFF ;_seleccionDeJuego+40
0x07BA	0x00FF ;_seleccionDeJuego+42
0x07BC	0x0000 ;_seleccionDeJuego+44
0x07BE	0x0000 ;_seleccionDeJuego+46
0x07C0	0xFF00 ;_seleccionDeJuego+48
0x07C2	0xFFFF ;_seleccionDeJuego+50
0x07C4	0x0FFF ;_seleccionDeJuego+52
0x07C6	0x0F0F ;_seleccionDeJuego+54
0x07C8	0x0F0F ;_seleccionDeJuego+56
0x07CA	0x0F0F ;_seleccionDeJuego+58
0x07CC	0xFFFF ;_seleccionDeJuego+60
0x07CE	0xFFFF ;_seleccionDeJuego+62
0x07D0	0x0000 ;_seleccionDeJuego+64
0x07D2	0x0000 ;_seleccionDeJuego+66
0x07D4	0xFF00 ;_seleccionDeJuego+68
0x07D6	0xFFFF ;_seleccionDeJuego+70
0x07D8	0x1FFF ;_seleccionDeJuego+72
0x07DA	0xFFFF ;_seleccionDeJuego+74
0x07DC	0xF0F0 ;_seleccionDeJuego+76
0x07DE	0x0080 ;_seleccionDeJuego+78
0x07E0	0x0000 ;_seleccionDeJuego+80
0x07E2	0xFF00 ;_seleccionDeJuego+82
0x07E4	0xFFFF ;_seleccionDeJuego+84
0x07E6	0x00FF ;_seleccionDeJuego+86
0x07E8	0xE000 ;_seleccionDeJuego+88
0x07EA	0xFEE0 ;_seleccionDeJuego+90
0x07EC	0x1EFE ;_seleccionDeJuego+92
0x07EE	0x0F1F ;_seleccionDeJuego+94
0x07F0	0x0F0F ;_seleccionDeJuego+96
0x07F2	0x0F0F ;_seleccionDeJuego+98
0x07F4	0x0F0F ;_seleccionDeJuego+100
0x07F6	0x0F0F ;_seleccionDeJuego+102
0x07F8	0x0F0F ;_seleccionDeJuego+104
0x07FA	0x0000 ;_seleccionDeJuego+106
0x07FC	0x0000 ;_seleccionDeJuego+108
0x07FE	0x0000 ;_seleccionDeJuego+110
0x0800	0x0000 ;_seleccionDeJuego+112
0x0802	0x0000 ;_seleccionDeJuego+114
0x0804	0x0000 ;_seleccionDeJuego+116
0x0806	0x0000 ;_seleccionDeJuego+118
0x0808	0x0000 ;_seleccionDeJuego+120
0x080A	0x0000 ;_seleccionDeJuego+122
0x080C	0x0000 ;_seleccionDeJuego+124
0x080E	0x0000 ;_seleccionDeJuego+126
0x0810	0x0000 ;_seleccionDeJuego+128
0x0812	0x0000 ;_seleccionDeJuego+130
0x0814	0x0000 ;_seleccionDeJuego+132
0x0816	0x0000 ;_seleccionDeJuego+134
0x0818	0x0000 ;_seleccionDeJuego+136
0x081A	0x0000 ;_seleccionDeJuego+138
0x081C	0x0000 ;_seleccionDeJuego+140
0x081E	0x0000 ;_seleccionDeJuego+142
0x0820	0x0000 ;_seleccionDeJuego+144
0x0822	0x0000 ;_seleccionDeJuego+146
0x0824	0x0000 ;_seleccionDeJuego+148
0x0826	0x0000 ;_seleccionDeJuego+150
0x0828	0x0000 ;_seleccionDeJuego+152
0x082A	0xFFFF ;_seleccionDeJuego+154
0x082C	0xFFFF ;_seleccionDeJuego+156
0x082E	0x0707 ;_seleccionDeJuego+158
0x0830	0x0707 ;_seleccionDeJuego+160
0x0832	0x0707 ;_seleccionDeJuego+162
0x0834	0x0707 ;_seleccionDeJuego+164
0x0836	0x0707 ;_seleccionDeJuego+166
0x0838	0x0707 ;_seleccionDeJuego+168
0x083A	0x0007 ;_seleccionDeJuego+170
0x083C	0x0000 ;_seleccionDeJuego+172
0x083E	0x0000 ;_seleccionDeJuego+174
0x0840	0xFF00 ;_seleccionDeJuego+176
0x0842	0xFFFF ;_seleccionDeJuego+178
0x0844	0x80FF ;_seleccionDeJuego+180
0x0846	0x8080 ;_seleccionDeJuego+182
0x0848	0x8080 ;_seleccionDeJuego+184
0x084A	0x8080 ;_seleccionDeJuego+186
0x084C	0xFFFF ;_seleccionDeJuego+188
0x084E	0xFFFF ;_seleccionDeJuego+190
0x0850	0x0000 ;_seleccionDeJuego+192
0x0852	0x0000 ;_seleccionDeJuego+194
0x0854	0xFF00 ;_seleccionDeJuego+196
0x0856	0xFFFF ;_seleccionDeJuego+198
0x0858	0x00FF ;_seleccionDeJuego+200
0x085A	0x0700 ;_seleccionDeJuego+202
0x085C	0x7F07 ;_seleccionDeJuego+204
0x085E	0x787F ;_seleccionDeJuego+206
0x0860	0xF878 ;_seleccionDeJuego+208
0x0862	0xFF80 ;_seleccionDeJuego+210
0x0864	0xFFFF ;_seleccionDeJuego+212
0x0866	0x00FF ;_seleccionDeJuego+214
0x0868	0x1F00 ;_seleccionDeJuego+216
0x086A	0xFF1F ;_seleccionDeJuego+218
0x086C	0xF0FF ;_seleccionDeJuego+220
0x086E	0x80F0 ;_seleccionDeJuego+222
0x0870	0x9E80 ;_seleccionDeJuego+224
0x0872	0x9E9E ;_seleccionDeJuego+226
0x0874	0x9E9E ;_seleccionDeJuego+228
0x0876	0xFEFE ;_seleccionDeJuego+230
0x0878	0xFCFE ;_seleccionDeJuego+232
0x087A	0x0000 ;_seleccionDeJuego+234
0x087C	0x0000 ;_seleccionDeJuego+236
0x087E	0x0000 ;_seleccionDeJuego+238
0x0880	0x0000 ;_seleccionDeJuego+240
0x0882	0x0000 ;_seleccionDeJuego+242
0x0884	0x0000 ;_seleccionDeJuego+244
0x0886	0x0000 ;_seleccionDeJuego+246
0x0888	0x0000 ;_seleccionDeJuego+248
0x088A	0x0000 ;_seleccionDeJuego+250
0x088C	0x0000 ;_seleccionDeJuego+252
0x088E	0x0000 ;_seleccionDeJuego+254
0x0890	0x0000 ;_seleccionDeJuego+256
0x0892	0x0000 ;_seleccionDeJuego+258
0x0894	0x0000 ;_seleccionDeJuego+260
0x0896	0x0000 ;_seleccionDeJuego+262
0x0898	0x0000 ;_seleccionDeJuego+264
0x089A	0x0000 ;_seleccionDeJuego+266
0x089C	0x0000 ;_seleccionDeJuego+268
0x089E	0x0000 ;_seleccionDeJuego+270
0x08A0	0x0000 ;_seleccionDeJuego+272
0x08A2	0x0000 ;_seleccionDeJuego+274
0x08A4	0x0000 ;_seleccionDeJuego+276
0x08A6	0x0000 ;_seleccionDeJuego+278
0x08A8	0x0000 ;_seleccionDeJuego+280
0x08AA	0x0303 ;_seleccionDeJuego+282
0x08AC	0x0303 ;_seleccionDeJuego+284
0x08AE	0x0000 ;_seleccionDeJuego+286
0x08B0	0x0000 ;_seleccionDeJuego+288
0x08B2	0x0000 ;_seleccionDeJuego+290
0x08B4	0x0000 ;_seleccionDeJuego+292
0x08B6	0x0000 ;_seleccionDeJuego+294
0x08B8	0x0000 ;_seleccionDeJuego+296
0x08BA	0x0000 ;_seleccionDeJuego+298
0x08BC	0x0000 ;_seleccionDeJuego+300
0x08BE	0x0000 ;_seleccionDeJuego+302
0x08C0	0x0700 ;_seleccionDeJuego+304
0x08C2	0x0707 ;_seleccionDeJuego+306
0x08C4	0x0707 ;_seleccionDeJuego+308
0x08C6	0x0707 ;_seleccionDeJuego+310
0x08C8	0x0707 ;_seleccionDeJuego+312
0x08CA	0x0707 ;_seleccionDeJuego+314
0x08CC	0x0707 ;_seleccionDeJuego+316
0x08CE	0x0707 ;_seleccionDeJuego+318
0x08D0	0x0000 ;_seleccionDeJuego+320
0x08D2	0x0000 ;_seleccionDeJuego+322
0x08D4	0x0700 ;_seleccionDeJuego+324
0x08D6	0x0707 ;_seleccionDeJuego+326
0x08D8	0x0007 ;_seleccionDeJuego+328
0x08DA	0x0000 ;_seleccionDeJuego+330
0x08DC	0x0000 ;_seleccionDeJuego+332
0x08DE	0x0000 ;_seleccionDeJuego+334
0x08E0	0x0700 ;_seleccionDeJuego+336
0x08E2	0x0707 ;_seleccionDeJuego+338
0x08E4	0x0707 ;_seleccionDeJuego+340
0x08E6	0x0007 ;_seleccionDeJuego+342
0x08E8	0x0000 ;_seleccionDeJuego+344
0x08EA	0x0000 ;_seleccionDeJuego+346
0x08EC	0x0000 ;_seleccionDeJuego+348
0x08EE	0x0707 ;_seleccionDeJuego+350
0x08F0	0x0707 ;_seleccionDeJuego+352
0x08F2	0x0707 ;_seleccionDeJuego+354
0x08F4	0x0707 ;_seleccionDeJuego+356
0x08F6	0x0707 ;_seleccionDeJuego+358
0x08F8	0x0707 ;_seleccionDeJuego+360
0x08FA	0x0000 ;_seleccionDeJuego+362
0x08FC	0x0000 ;_seleccionDeJuego+364
0x08FE	0x0000 ;_seleccionDeJuego+366
0x0900	0x0000 ;_seleccionDeJuego+368
0x0902	0x0000 ;_seleccionDeJuego+370
0x0904	0x0000 ;_seleccionDeJuego+372
0x0906	0x0000 ;_seleccionDeJuego+374
0x0908	0x0000 ;_seleccionDeJuego+376
0x090A	0x0000 ;_seleccionDeJuego+378
0x090C	0x0000 ;_seleccionDeJuego+380
0x090E	0x0000 ;_seleccionDeJuego+382
0x0910	0x0000 ;_seleccionDeJuego+384
0x0912	0x0000 ;_seleccionDeJuego+386
0x0914	0x0000 ;_seleccionDeJuego+388
0x0916	0x0000 ;_seleccionDeJuego+390
0x0918	0x0000 ;_seleccionDeJuego+392
0x091A	0x0000 ;_seleccionDeJuego+394
0x091C	0x0000 ;_seleccionDeJuego+396
0x091E	0x0000 ;_seleccionDeJuego+398
0x0920	0x0000 ;_seleccionDeJuego+400
0x0922	0x0000 ;_seleccionDeJuego+402
0x0924	0x0000 ;_seleccionDeJuego+404
0x0926	0x0000 ;_seleccionDeJuego+406
0x0928	0x0000 ;_seleccionDeJuego+408
0x092A	0x0000 ;_seleccionDeJuego+410
0x092C	0x0000 ;_seleccionDeJuego+412
0x092E	0x0000 ;_seleccionDeJuego+414
0x0930	0x0000 ;_seleccionDeJuego+416
0x0932	0x0000 ;_seleccionDeJuego+418
0x0934	0x0000 ;_seleccionDeJuego+420
0x0936	0xC0C0 ;_seleccionDeJuego+422
0x0938	0xC0C0 ;_seleccionDeJuego+424
0x093A	0x0000 ;_seleccionDeJuego+426
0x093C	0x0000 ;_seleccionDeJuego+428
0x093E	0x0000 ;_seleccionDeJuego+430
0x0940	0xE000 ;_seleccionDeJuego+432
0x0942	0x60E0 ;_seleccionDeJuego+434
0x0944	0x6060 ;_seleccionDeJuego+436
0x0946	0xE0E0 ;_seleccionDeJuego+438
0x0948	0x0000 ;_seleccionDeJuego+440
0x094A	0xE0E0 ;_seleccionDeJuego+442
0x094C	0x0000 ;_seleccionDeJuego+444
0x094E	0x0000 ;_seleccionDeJuego+446
0x0950	0xE0E0 ;_seleccionDeJuego+448
0x0952	0x6060 ;_seleccionDeJuego+450
0x0954	0xE060 ;_seleccionDeJuego+452
0x0956	0x00E0 ;_seleccionDeJuego+454
0x0958	0xE000 ;_seleccionDeJuego+456
0x095A	0x00E0 ;_seleccionDeJuego+458
0x095C	0xE000 ;_seleccionDeJuego+460
0x095E	0x00E0 ;_seleccionDeJuego+462
0x0960	0xE000 ;_seleccionDeJuego+464
0x0962	0x60E0 ;_seleccionDeJuego+466
0x0964	0x6060 ;_seleccionDeJuego+468
0x0966	0x0060 ;_seleccionDeJuego+470
0x0968	0xE000 ;_seleccionDeJuego+472
0x096A	0x60E0 ;_seleccionDeJuego+474
0x096C	0xE060 ;_seleccionDeJuego+476
0x096E	0x00E0 ;_seleccionDeJuego+478
0x0970	0x0000 ;_seleccionDeJuego+480
0x0972	0x0000 ;_seleccionDeJuego+482
0x0974	0x0000 ;_seleccionDeJuego+484
0x0976	0x0000 ;_seleccionDeJuego+486
0x0978	0x0000 ;_seleccionDeJuego+488
0x097A	0x0000 ;_seleccionDeJuego+490
0x097C	0x0000 ;_seleccionDeJuego+492
0x097E	0x0000 ;_seleccionDeJuego+494
0x0980	0x0000 ;_seleccionDeJuego+496
0x0982	0x0000 ;_seleccionDeJuego+498
0x0984	0x0000 ;_seleccionDeJuego+500
0x0986	0x0000 ;_seleccionDeJuego+502
0x0988	0x0000 ;_seleccionDeJuego+504
0x098A	0x0000 ;_seleccionDeJuego+506
0x098C	0x0000 ;_seleccionDeJuego+508
0x098E	0x0000 ;_seleccionDeJuego+510
0x0990	0x0000 ;_seleccionDeJuego+512
0x0992	0x0000 ;_seleccionDeJuego+514
0x0994	0x0000 ;_seleccionDeJuego+516
0x0996	0x0000 ;_seleccionDeJuego+518
0x0998	0x0000 ;_seleccionDeJuego+520
0x099A	0x0000 ;_seleccionDeJuego+522
0x099C	0x0000 ;_seleccionDeJuego+524
0x099E	0x0000 ;_seleccionDeJuego+526
0x09A0	0x0000 ;_seleccionDeJuego+528
0x09A2	0x0000 ;_seleccionDeJuego+530
0x09A4	0x0000 ;_seleccionDeJuego+532
0x09A6	0x0000 ;_seleccionDeJuego+534
0x09A8	0x0000 ;_seleccionDeJuego+536
0x09AA	0x0000 ;_seleccionDeJuego+538
0x09AC	0x0000 ;_seleccionDeJuego+540
0x09AE	0x0000 ;_seleccionDeJuego+542
0x09B0	0x0000 ;_seleccionDeJuego+544
0x09B2	0x0000 ;_seleccionDeJuego+546
0x09B4	0x0000 ;_seleccionDeJuego+548
0x09B6	0x6060 ;_seleccionDeJuego+550
0x09B8	0x7F7F ;_seleccionDeJuego+552
0x09BA	0x6060 ;_seleccionDeJuego+554
0x09BC	0x0000 ;_seleccionDeJuego+556
0x09BE	0x0000 ;_seleccionDeJuego+558
0x09C0	0x7F00 ;_seleccionDeJuego+560
0x09C2	0x067F ;_seleccionDeJuego+562
0x09C4	0x0606 ;_seleccionDeJuego+564
0x09C6	0x0707 ;_seleccionDeJuego+566
0x09C8	0x0000 ;_seleccionDeJuego+568
0x09CA	0x7F7F ;_seleccionDeJuego+570
0x09CC	0x6060 ;_seleccionDeJuego+572
0x09CE	0x0060 ;_seleccionDeJuego+574
0x09D0	0x7F7F ;_seleccionDeJuego+576
0x09D2	0x0606 ;_seleccionDeJuego+578
0x09D4	0x7F06 ;_seleccionDeJuego+580
0x09D6	0x007F ;_seleccionDeJuego+582
0x09D8	0x0100 ;_seleccionDeJuego+584
0x09DA	0x7F03 ;_seleccionDeJuego+586
0x09DC	0x037F ;_seleccionDeJuego+588
0x09DE	0x0001 ;_seleccionDeJuego+590
0x09E0	0x7F00 ;_seleccionDeJuego+592
0x09E2	0x667F ;_seleccionDeJuego+594
0x09E4	0x6060 ;_seleccionDeJuego+596
0x09E6	0x0060 ;_seleccionDeJuego+598
0x09E8	0x7F00 ;_seleccionDeJuego+600
0x09EA	0x0C7F ;_seleccionDeJuego+602
0x09EC	0x7F1E ;_seleccionDeJuego+604
0x09EE	0x0073 ;_seleccionDeJuego+606
0x09F0	0x0000 ;_seleccionDeJuego+608
0x09F2	0x0000 ;_seleccionDeJuego+610
0x09F4	0x0000 ;_seleccionDeJuego+612
0x09F6	0x0000 ;_seleccionDeJuego+614
0x09F8	0x0000 ;_seleccionDeJuego+616
0x09FA	0x0000 ;_seleccionDeJuego+618
0x09FC	0x0000 ;_seleccionDeJuego+620
0x09FE	0x0000 ;_seleccionDeJuego+622
0x0A00	0x0000 ;_seleccionDeJuego+624
0x0A02	0x0000 ;_seleccionDeJuego+626
0x0A04	0x0000 ;_seleccionDeJuego+628
0x0A06	0x0000 ;_seleccionDeJuego+630
0x0A08	0x0000 ;_seleccionDeJuego+632
0x0A0A	0x0000 ;_seleccionDeJuego+634
0x0A0C	0x0000 ;_seleccionDeJuego+636
0x0A0E	0x0000 ;_seleccionDeJuego+638
0x0A10	0x0000 ;_seleccionDeJuego+640
0x0A12	0x0000 ;_seleccionDeJuego+642
0x0A14	0x0000 ;_seleccionDeJuego+644
0x0A16	0x0000 ;_seleccionDeJuego+646
0x0A18	0x0000 ;_seleccionDeJuego+648
0x0A1A	0x0000 ;_seleccionDeJuego+650
0x0A1C	0x0000 ;_seleccionDeJuego+652
0x0A1E	0x0000 ;_seleccionDeJuego+654
0x0A20	0x0000 ;_seleccionDeJuego+656
0x0A22	0x0000 ;_seleccionDeJuego+658
0x0A24	0x0000 ;_seleccionDeJuego+660
0x0A26	0x0000 ;_seleccionDeJuego+662
0x0A28	0x0000 ;_seleccionDeJuego+664
0x0A2A	0x0000 ;_seleccionDeJuego+666
0x0A2C	0x0000 ;_seleccionDeJuego+668
0x0A2E	0x0000 ;_seleccionDeJuego+670
0x0A30	0x0000 ;_seleccionDeJuego+672
0x0A32	0x0000 ;_seleccionDeJuego+674
0x0A34	0x0000 ;_seleccionDeJuego+676
0x0A36	0xB0B0 ;_seleccionDeJuego+678
0x0A38	0xB0B0 ;_seleccionDeJuego+680
0x0A3A	0xF0F0 ;_seleccionDeJuego+682
0x0A3C	0x0000 ;_seleccionDeJuego+684
0x0A3E	0x0000 ;_seleccionDeJuego+686
0x0A40	0xF800 ;_seleccionDeJuego+688
0x0A42	0x98F8 ;_seleccionDeJuego+690
0x0A44	0x9898 ;_seleccionDeJuego+692
0x0A46	0xF8F8 ;_seleccionDeJuego+694
0x0A48	0x0000 ;_seleccionDeJuego+696
0x0A4A	0xF8F8 ;_seleccionDeJuego+698
0x0A4C	0x0000 ;_seleccionDeJuego+700
0x0A4E	0x0000 ;_seleccionDeJuego+702
0x0A50	0xF8F8 ;_seleccionDeJuego+704
0x0A52	0x9898 ;_seleccionDeJuego+706
0x0A54	0xF898 ;_seleccionDeJuego+708
0x0A56	0x00F8 ;_seleccionDeJuego+710
0x0A58	0x7800 ;_seleccionDeJuego+712
0x0A5A	0xC0F8 ;_seleccionDeJuego+714
0x0A5C	0xF8C0 ;_seleccionDeJuego+716
0x0A5E	0x0078 ;_seleccionDeJuego+718
0x0A60	0xF800 ;_seleccionDeJuego+720
0x0A62	0x98F8 ;_seleccionDeJuego+722
0x0A64	0x1818 ;_seleccionDeJuego+724
0x0A66	0x0018 ;_seleccionDeJuego+726
0x0A68	0xF800 ;_seleccionDeJuego+728
0x0A6A	0x18F8 ;_seleccionDeJuego+730
0x0A6C	0xF898 ;_seleccionDeJuego+732
0x0A6E	0x00F8 ;_seleccionDeJuego+734
0x0A70	0xF8F8 ;_seleccionDeJuego+736
0x0A72	0x9898 ;_seleccionDeJuego+738
0x0A74	0x9898 ;_seleccionDeJuego+740
0x0A76	0x0000 ;_seleccionDeJuego+742
0x0A78	0x0000 ;_seleccionDeJuego+744
0x0A7A	0x0000 ;_seleccionDeJuego+746
0x0A7C	0x0000 ;_seleccionDeJuego+748
0x0A7E	0x0000 ;_seleccionDeJuego+750
0x0A80	0x0000 ;_seleccionDeJuego+752
0x0A82	0x0000 ;_seleccionDeJuego+754
0x0A84	0x0000 ;_seleccionDeJuego+756
0x0A86	0x0000 ;_seleccionDeJuego+758
0x0A88	0x0000 ;_seleccionDeJuego+760
0x0A8A	0x0000 ;_seleccionDeJuego+762
0x0A8C	0x0000 ;_seleccionDeJuego+764
0x0A8E	0x0000 ;_seleccionDeJuego+766
0x0A90	0x0000 ;_seleccionDeJuego+768
0x0A92	0x0000 ;_seleccionDeJuego+770
0x0A94	0x0000 ;_seleccionDeJuego+772
0x0A96	0x0000 ;_seleccionDeJuego+774
0x0A98	0x0000 ;_seleccionDeJuego+776
0x0A9A	0x0000 ;_seleccionDeJuego+778
0x0A9C	0x0000 ;_seleccionDeJuego+780
0x0A9E	0x0000 ;_seleccionDeJuego+782
0x0AA0	0x0000 ;_seleccionDeJuego+784
0x0AA2	0x0000 ;_seleccionDeJuego+786
0x0AA4	0x0000 ;_seleccionDeJuego+788
0x0AA6	0x0000 ;_seleccionDeJuego+790
0x0AA8	0x0000 ;_seleccionDeJuego+792
0x0AAA	0x0000 ;_seleccionDeJuego+794
0x0AAC	0x0000 ;_seleccionDeJuego+796
0x0AAE	0x0000 ;_seleccionDeJuego+798
0x0AB0	0x0000 ;_seleccionDeJuego+800
0x0AB2	0x0000 ;_seleccionDeJuego+802
0x0AB4	0x0000 ;_seleccionDeJuego+804
0x0AB6	0x0F0F ;_seleccionDeJuego+806
0x0AB8	0x0D0D ;_seleccionDeJuego+808
0x0ABA	0x0D0D ;_seleccionDeJuego+810
0x0ABC	0x0000 ;_seleccionDeJuego+812
0x0ABE	0x0000 ;_seleccionDeJuego+814
0x0AC0	0x1F00 ;_seleccionDeJuego+816
0x0AC2	0x011F ;_seleccionDeJuego+818
0x0AC4	0x0101 ;_seleccionDeJuego+820
0x0AC6	0x0101 ;_seleccionDeJuego+822
0x0AC8	0x0000 ;_seleccionDeJuego+824
0x0ACA	0x1F1F ;_seleccionDeJuego+826
0x0ACC	0x1818 ;_seleccionDeJuego+828
0x0ACE	0x0018 ;_seleccionDeJuego+830
0x0AD0	0x1F1F ;_seleccionDeJuego+832
0x0AD2	0x0101 ;_seleccionDeJuego+834
0x0AD4	0x1F01 ;_seleccionDeJuego+836
0x0AD6	0x001F ;_seleccionDeJuego+838
0x0AD8	0x0000 ;_seleccionDeJuego+840
0x0ADA	0x1F00 ;_seleccionDeJuego+842
0x0ADC	0x001F ;_seleccionDeJuego+844
0x0ADE	0x0000 ;_seleccionDeJuego+846
0x0AE0	0x1F00 ;_seleccionDeJuego+848
0x0AE2	0x191F ;_seleccionDeJuego+850
0x0AE4	0x1818 ;_seleccionDeJuego+852
0x0AE6	0x0018 ;_seleccionDeJuego+854
0x0AE8	0x1F00 ;_seleccionDeJuego+856
0x0AEA	0x031F ;_seleccionDeJuego+858
0x0AEC	0x1F07 ;_seleccionDeJuego+860
0x0AEE	0x001C ;_seleccionDeJuego+862
0x0AF0	0x0D0D ;_seleccionDeJuego+864
0x0AF2	0x0D0D ;_seleccionDeJuego+866
0x0AF4	0x0F0F ;_seleccionDeJuego+868
0x0AF6	0x0000 ;_seleccionDeJuego+870
0x0AF8	0x0000 ;_seleccionDeJuego+872
0x0AFA	0x0000 ;_seleccionDeJuego+874
0x0AFC	0x0000 ;_seleccionDeJuego+876
0x0AFE	0x0000 ;_seleccionDeJuego+878
0x0B00	0x0000 ;_seleccionDeJuego+880
0x0B02	0x0000 ;_seleccionDeJuego+882
0x0B04	0x0000 ;_seleccionDeJuego+884
0x0B06	0x0000 ;_seleccionDeJuego+886
0x0B08	0x0000 ;_seleccionDeJuego+888
0x0B0A	0x0000 ;_seleccionDeJuego+890
0x0B0C	0x0000 ;_seleccionDeJuego+892
0x0B0E	0x0000 ;_seleccionDeJuego+894
0x0B10	0x0000 ;_seleccionDeJuego+896
0x0B12	0x0000 ;_seleccionDeJuego+898
0x0B14	0x0000 ;_seleccionDeJuego+900
0x0B16	0x0000 ;_seleccionDeJuego+902
0x0B18	0x0000 ;_seleccionDeJuego+904
0x0B1A	0x0000 ;_seleccionDeJuego+906
0x0B1C	0x0000 ;_seleccionDeJuego+908
0x0B1E	0x0000 ;_seleccionDeJuego+910
0x0B20	0x0000 ;_seleccionDeJuego+912
0x0B22	0x0000 ;_seleccionDeJuego+914
0x0B24	0x0000 ;_seleccionDeJuego+916
0x0B26	0x0000 ;_seleccionDeJuego+918
0x0B28	0x0000 ;_seleccionDeJuego+920
0x0B2A	0x0000 ;_seleccionDeJuego+922
0x0B2C	0x0000 ;_seleccionDeJuego+924
0x0B2E	0x0000 ;_seleccionDeJuego+926
0x0B30	0x0000 ;_seleccionDeJuego+928
0x0B32	0x0000 ;_seleccionDeJuego+930
0x0B34	0x0000 ;_seleccionDeJuego+932
0x0B36	0x0000 ;_seleccionDeJuego+934
0x0B38	0x0000 ;_seleccionDeJuego+936
0x0B3A	0x0000 ;_seleccionDeJuego+938
0x0B3C	0x0000 ;_seleccionDeJuego+940
0x0B3E	0x0000 ;_seleccionDeJuego+942
0x0B40	0x0000 ;_seleccionDeJuego+944
0x0B42	0x0000 ;_seleccionDeJuego+946
0x0B44	0x0000 ;_seleccionDeJuego+948
0x0B46	0x0000 ;_seleccionDeJuego+950
0x0B48	0x0000 ;_seleccionDeJuego+952
0x0B4A	0x0000 ;_seleccionDeJuego+954
0x0B4C	0x0000 ;_seleccionDeJuego+956
0x0B4E	0x0000 ;_seleccionDeJuego+958
0x0B50	0x0000 ;_seleccionDeJuego+960
0x0B52	0x0000 ;_seleccionDeJuego+962
0x0B54	0x0000 ;_seleccionDeJuego+964
0x0B56	0x0000 ;_seleccionDeJuego+966
0x0B58	0x0000 ;_seleccionDeJuego+968
0x0B5A	0x0000 ;_seleccionDeJuego+970
0x0B5C	0x0000 ;_seleccionDeJuego+972
0x0B5E	0x0000 ;_seleccionDeJuego+974
0x0B60	0x0000 ;_seleccionDeJuego+976
0x0B62	0x0000 ;_seleccionDeJuego+978
0x0B64	0x0000 ;_seleccionDeJuego+980
0x0B66	0x0000 ;_seleccionDeJuego+982
0x0B68	0x0000 ;_seleccionDeJuego+984
0x0B6A	0x0000 ;_seleccionDeJuego+986
0x0B6C	0x0000 ;_seleccionDeJuego+988
0x0B6E	0x0000 ;_seleccionDeJuego+990
0x0B70	0x0000 ;_seleccionDeJuego+992
0x0B72	0x0000 ;_seleccionDeJuego+994
0x0B74	0x0000 ;_seleccionDeJuego+996
0x0B76	0x0000 ;_seleccionDeJuego+998
0x0B78	0x0000 ;_seleccionDeJuego+1000
0x0B7A	0x0000 ;_seleccionDeJuego+1002
0x0B7C	0x0000 ;_seleccionDeJuego+1004
0x0B7E	0x0000 ;_seleccionDeJuego+1006
0x0B80	0x0000 ;_seleccionDeJuego+1008
0x0B82	0x0000 ;_seleccionDeJuego+1010
0x0B84	0x0000 ;_seleccionDeJuego+1012
0x0B86	0x0000 ;_seleccionDeJuego+1014
0x0B88	0x0000 ;_seleccionDeJuego+1016
0x0B8A	0x0000 ;_seleccionDeJuego+1018
0x0B8C	0x0000 ;_seleccionDeJuego+1020
0x0B8E	0x0000 ;_seleccionDeJuego+1022
; end of _seleccionDeJuego
;drawImagePixel.c,18 :: _pantallaDeInicio
0x0B90	0x0000 ;_pantallaDeInicio+0
0x0B92	0x0000 ;_pantallaDeInicio+2
0x0B94	0x0000 ;_pantallaDeInicio+4
0x0B96	0x0000 ;_pantallaDeInicio+6
0x0B98	0x0000 ;_pantallaDeInicio+8
0x0B9A	0x0000 ;_pantallaDeInicio+10
0x0B9C	0x0000 ;_pantallaDeInicio+12
0x0B9E	0x0000 ;_pantallaDeInicio+14
0x0BA0	0x0000 ;_pantallaDeInicio+16
0x0BA2	0x0000 ;_pantallaDeInicio+18
0x0BA4	0x0000 ;_pantallaDeInicio+20
0x0BA6	0x0000 ;_pantallaDeInicio+22
0x0BA8	0x0000 ;_pantallaDeInicio+24
0x0BAA	0xFFFF ;_pantallaDeInicio+26
0x0BAC	0xFFFF ;_pantallaDeInicio+28
0x0BAE	0x8F8F ;_pantallaDeInicio+30
0x0BB0	0x8F8F ;_pantallaDeInicio+32
0x0BB2	0x8F8F ;_pantallaDeInicio+34
0x0BB4	0x8F8F ;_pantallaDeInicio+36
0x0BB6	0xFF8F ;_pantallaDeInicio+38
0x0BB8	0xFFFF ;_pantallaDeInicio+40
0x0BBA	0x00FF ;_pantallaDeInicio+42
0x0BBC	0x0000 ;_pantallaDeInicio+44
0x0BBE	0x0000 ;_pantallaDeInicio+46
0x0BC0	0xFF00 ;_pantallaDeInicio+48
0x0BC2	0xFFFF ;_pantallaDeInicio+50
0x0BC4	0x0FFF ;_pantallaDeInicio+52
0x0BC6	0x0F0F ;_pantallaDeInicio+54
0x0BC8	0x0F0F ;_pantallaDeInicio+56
0x0BCA	0x0F0F ;_pantallaDeInicio+58
0x0BCC	0xFFFF ;_pantallaDeInicio+60
0x0BCE	0xFFFF ;_pantallaDeInicio+62
0x0BD0	0x0000 ;_pantallaDeInicio+64
0x0BD2	0x0000 ;_pantallaDeInicio+66
0x0BD4	0xFF00 ;_pantallaDeInicio+68
0x0BD6	0xFFFF ;_pantallaDeInicio+70
0x0BD8	0x1FFF ;_pantallaDeInicio+72
0x0BDA	0xFFFF ;_pantallaDeInicio+74
0x0BDC	0xF0F0 ;_pantallaDeInicio+76
0x0BDE	0x0080 ;_pantallaDeInicio+78
0x0BE0	0x0000 ;_pantallaDeInicio+80
0x0BE2	0xFF00 ;_pantallaDeInicio+82
0x0BE4	0xFFFF ;_pantallaDeInicio+84
0x0BE6	0x00FF ;_pantallaDeInicio+86
0x0BE8	0xE000 ;_pantallaDeInicio+88
0x0BEA	0xFEE0 ;_pantallaDeInicio+90
0x0BEC	0x1EFE ;_pantallaDeInicio+92
0x0BEE	0x0F1F ;_pantallaDeInicio+94
0x0BF0	0x0F0F ;_pantallaDeInicio+96
0x0BF2	0x0F0F ;_pantallaDeInicio+98
0x0BF4	0x0F0F ;_pantallaDeInicio+100
0x0BF6	0x0F0F ;_pantallaDeInicio+102
0x0BF8	0x0F0F ;_pantallaDeInicio+104
0x0BFA	0x0000 ;_pantallaDeInicio+106
0x0BFC	0x0000 ;_pantallaDeInicio+108
0x0BFE	0x0000 ;_pantallaDeInicio+110
0x0C00	0x0000 ;_pantallaDeInicio+112
0x0C02	0x0000 ;_pantallaDeInicio+114
0x0C04	0x0000 ;_pantallaDeInicio+116
0x0C06	0x0000 ;_pantallaDeInicio+118
0x0C08	0x0000 ;_pantallaDeInicio+120
0x0C0A	0x0000 ;_pantallaDeInicio+122
0x0C0C	0x0000 ;_pantallaDeInicio+124
0x0C0E	0x0000 ;_pantallaDeInicio+126
0x0C10	0x0000 ;_pantallaDeInicio+128
0x0C12	0x0000 ;_pantallaDeInicio+130
0x0C14	0x0000 ;_pantallaDeInicio+132
0x0C16	0x0000 ;_pantallaDeInicio+134
0x0C18	0x0000 ;_pantallaDeInicio+136
0x0C1A	0x0000 ;_pantallaDeInicio+138
0x0C1C	0x0000 ;_pantallaDeInicio+140
0x0C1E	0x0000 ;_pantallaDeInicio+142
0x0C20	0x0000 ;_pantallaDeInicio+144
0x0C22	0x0000 ;_pantallaDeInicio+146
0x0C24	0x0000 ;_pantallaDeInicio+148
0x0C26	0x0000 ;_pantallaDeInicio+150
0x0C28	0x0000 ;_pantallaDeInicio+152
0x0C2A	0xFFFF ;_pantallaDeInicio+154
0x0C2C	0xFFFF ;_pantallaDeInicio+156
0x0C2E	0x0707 ;_pantallaDeInicio+158
0x0C30	0x0707 ;_pantallaDeInicio+160
0x0C32	0x0707 ;_pantallaDeInicio+162
0x0C34	0x0707 ;_pantallaDeInicio+164
0x0C36	0x0707 ;_pantallaDeInicio+166
0x0C38	0x0707 ;_pantallaDeInicio+168
0x0C3A	0x0007 ;_pantallaDeInicio+170
0x0C3C	0x0000 ;_pantallaDeInicio+172
0x0C3E	0x0000 ;_pantallaDeInicio+174
0x0C40	0xFF00 ;_pantallaDeInicio+176
0x0C42	0xFFFF ;_pantallaDeInicio+178
0x0C44	0x80FF ;_pantallaDeInicio+180
0x0C46	0x8080 ;_pantallaDeInicio+182
0x0C48	0x8080 ;_pantallaDeInicio+184
0x0C4A	0x8080 ;_pantallaDeInicio+186
0x0C4C	0xFFFF ;_pantallaDeInicio+188
0x0C4E	0xFFFF ;_pantallaDeInicio+190
0x0C50	0x0000 ;_pantallaDeInicio+192
0x0C52	0x0000 ;_pantallaDeInicio+194
0x0C54	0xFF00 ;_pantallaDeInicio+196
0x0C56	0xFFFF ;_pantallaDeInicio+198
0x0C58	0x00FF ;_pantallaDeInicio+200
0x0C5A	0x0700 ;_pantallaDeInicio+202
0x0C5C	0x7F07 ;_pantallaDeInicio+204
0x0C5E	0x787F ;_pantallaDeInicio+206
0x0C60	0xF878 ;_pantallaDeInicio+208
0x0C62	0xFF80 ;_pantallaDeInicio+210
0x0C64	0xFFFF ;_pantallaDeInicio+212
0x0C66	0x00FF ;_pantallaDeInicio+214
0x0C68	0x1F00 ;_pantallaDeInicio+216
0x0C6A	0xFF1F ;_pantallaDeInicio+218
0x0C6C	0xF0FF ;_pantallaDeInicio+220
0x0C6E	0x80F0 ;_pantallaDeInicio+222
0x0C70	0x9E80 ;_pantallaDeInicio+224
0x0C72	0x9E9E ;_pantallaDeInicio+226
0x0C74	0x9E9E ;_pantallaDeInicio+228
0x0C76	0xFEFE ;_pantallaDeInicio+230
0x0C78	0xFCFE ;_pantallaDeInicio+232
0x0C7A	0x0000 ;_pantallaDeInicio+234
0x0C7C	0x0000 ;_pantallaDeInicio+236
0x0C7E	0x0000 ;_pantallaDeInicio+238
0x0C80	0x0000 ;_pantallaDeInicio+240
0x0C82	0x0000 ;_pantallaDeInicio+242
0x0C84	0x0000 ;_pantallaDeInicio+244
0x0C86	0x0000 ;_pantallaDeInicio+246
0x0C88	0x0000 ;_pantallaDeInicio+248
0x0C8A	0x0000 ;_pantallaDeInicio+250
0x0C8C	0x0000 ;_pantallaDeInicio+252
0x0C8E	0x0000 ;_pantallaDeInicio+254
0x0C90	0x0000 ;_pantallaDeInicio+256
0x0C92	0x0000 ;_pantallaDeInicio+258
0x0C94	0x0000 ;_pantallaDeInicio+260
0x0C96	0x0000 ;_pantallaDeInicio+262
0x0C98	0x0000 ;_pantallaDeInicio+264
0x0C9A	0x0000 ;_pantallaDeInicio+266
0x0C9C	0xE0E0 ;_pantallaDeInicio+268
0x0C9E	0x8000 ;_pantallaDeInicio+270
0x0CA0	0xC080 ;_pantallaDeInicio+272
0x0CA2	0x60E0 ;_pantallaDeInicio+274
0x0CA4	0x0000 ;_pantallaDeInicio+276
0x0CA6	0x6000 ;_pantallaDeInicio+278
0x0CA8	0x6060 ;_pantallaDeInicio+280
0x0CAA	0xE3E3 ;_pantallaDeInicio+282
0x0CAC	0x6363 ;_pantallaDeInicio+284
0x0CAE	0x0060 ;_pantallaDeInicio+286
0x0CB0	0xE000 ;_pantallaDeInicio+288
0x0CB2	0x00E0 ;_pantallaDeInicio+290
0x0CB4	0xC000 ;_pantallaDeInicio+292
0x0CB6	0xC0C0 ;_pantallaDeInicio+294
0x0CB8	0xC0C0 ;_pantallaDeInicio+296
0x0CBA	0x00C0 ;_pantallaDeInicio+298
0x0CBC	0xC000 ;_pantallaDeInicio+300
0x0CBE	0xC0C0 ;_pantallaDeInicio+302
0x0CC0	0xC7C0 ;_pantallaDeInicio+304
0x0CC2	0xC7C7 ;_pantallaDeInicio+306
0x0CC4	0x0707 ;_pantallaDeInicio+308
0x0CC6	0xE7E7 ;_pantallaDeInicio+310
0x0CC8	0x07C7 ;_pantallaDeInicio+312
0x0CCA	0xE707 ;_pantallaDeInicio+314
0x0CCC	0x07E7 ;_pantallaDeInicio+316
0x0CCE	0x0707 ;_pantallaDeInicio+318
0x0CD0	0x0000 ;_pantallaDeInicio+320
0x0CD2	0x0000 ;_pantallaDeInicio+322
0x0CD4	0xC700 ;_pantallaDeInicio+324
0x0CD6	0xC7C7 ;_pantallaDeInicio+326
0x0CD8	0xC0C7 ;_pantallaDeInicio+328
0x0CDA	0x00C0 ;_pantallaDeInicio+330
0x0CDC	0xC000 ;_pantallaDeInicio+332
0x0CDE	0xC0C0 ;_pantallaDeInicio+334
0x0CE0	0xC7C0 ;_pantallaDeInicio+336
0x0CE2	0xC7C7 ;_pantallaDeInicio+338
0x0CE4	0xC707 ;_pantallaDeInicio+340
0x0CE6	0xC0C7 ;_pantallaDeInicio+342
0x0CE8	0xC0C0 ;_pantallaDeInicio+344
0x0CEA	0x00C0 ;_pantallaDeInicio+346
0x0CEC	0xC0C0 ;_pantallaDeInicio+348
0x0CEE	0xC7C7 ;_pantallaDeInicio+350
0x0CF0	0xC7C7 ;_pantallaDeInicio+352
0x0CF2	0xE707 ;_pantallaDeInicio+354
0x0CF4	0xC7E7 ;_pantallaDeInicio+356
0x0CF6	0x0707 ;_pantallaDeInicio+358
0x0CF8	0xE7E7 ;_pantallaDeInicio+360
0x0CFA	0xC000 ;_pantallaDeInicio+362
0x0CFC	0xC0C0 ;_pantallaDeInicio+364
0x0CFE	0xC0C0 ;_pantallaDeInicio+366
0x0D00	0xC0C0 ;_pantallaDeInicio+368
0x0D02	0x0000 ;_pantallaDeInicio+370
0x0D04	0xC0C0 ;_pantallaDeInicio+372
0x0D06	0xC0C0 ;_pantallaDeInicio+374
0x0D08	0x00C0 ;_pantallaDeInicio+376
0x0D0A	0x0000 ;_pantallaDeInicio+378
0x0D0C	0x0000 ;_pantallaDeInicio+380
0x0D0E	0x0000 ;_pantallaDeInicio+382
0x0D10	0x0000 ;_pantallaDeInicio+384
0x0D12	0x0000 ;_pantallaDeInicio+386
0x0D14	0x0000 ;_pantallaDeInicio+388
0x0D16	0x0000 ;_pantallaDeInicio+390
0x0D18	0x0000 ;_pantallaDeInicio+392
0x0D1A	0x0000 ;_pantallaDeInicio+394
0x0D1C	0x7F7F ;_pantallaDeInicio+396
0x0D1E	0x0F07 ;_pantallaDeInicio+398
0x0D20	0x1D0F ;_pantallaDeInicio+400
0x0D22	0x7838 ;_pantallaDeInicio+402
0x0D24	0x0070 ;_pantallaDeInicio+404
0x0D26	0x6000 ;_pantallaDeInicio+406
0x0D28	0x6060 ;_pantallaDeInicio+408
0x0D2A	0x7F7F ;_pantallaDeInicio+410
0x0D2C	0x0000 ;_pantallaDeInicio+412
0x0D2E	0x0000 ;_pantallaDeInicio+414
0x0D30	0x7F00 ;_pantallaDeInicio+416
0x0D32	0x007F ;_pantallaDeInicio+418
0x0D34	0x7F00 ;_pantallaDeInicio+420
0x0D36	0x0C7F ;_pantallaDeInicio+422
0x0D38	0x7F1E ;_pantallaDeInicio+424
0x0D3A	0x0077 ;_pantallaDeInicio+426
0x0D3C	0x7F00 ;_pantallaDeInicio+428
0x0D3E	0x607F ;_pantallaDeInicio+430
0x0D40	0x6060 ;_pantallaDeInicio+432
0x0D42	0x7F7F ;_pantallaDeInicio+434
0x0D44	0x0000 ;_pantallaDeInicio+436
0x0D46	0x7F7F ;_pantallaDeInicio+438
0x0D48	0x0F03 ;_pantallaDeInicio+440
0x0D4A	0x7F3C ;_pantallaDeInicio+442
0x0D4C	0x007F ;_pantallaDeInicio+444
0x0D4E	0x0000 ;_pantallaDeInicio+446
0x0D50	0x6060 ;_pantallaDeInicio+448
0x0D52	0x0000 ;_pantallaDeInicio+450
0x0D54	0x7F00 ;_pantallaDeInicio+452
0x0D56	0x0C7F ;_pantallaDeInicio+454
0x0D58	0x7F1E ;_pantallaDeInicio+456
0x0D5A	0x0077 ;_pantallaDeInicio+458
0x0D5C	0x7F00 ;_pantallaDeInicio+460
0x0D5E	0x667F ;_pantallaDeInicio+462
0x0D60	0x6666 ;_pantallaDeInicio+464
0x0D62	0x3F7F ;_pantallaDeInicio+466
0x0D64	0x7F00 ;_pantallaDeInicio+468
0x0D66	0x0C7F ;_pantallaDeInicio+470
0x0D68	0x7F1E ;_pantallaDeInicio+472
0x0D6A	0x0077 ;_pantallaDeInicio+474
0x0D6C	0x7F7F ;_pantallaDeInicio+476
0x0D6E	0x6066 ;_pantallaDeInicio+478
0x0D70	0x6060 ;_pantallaDeInicio+480
0x0D72	0x7F00 ;_pantallaDeInicio+482
0x0D74	0x037F ;_pantallaDeInicio+484
0x0D76	0x3C0F ;_pantallaDeInicio+486
0x0D78	0x7F7F ;_pantallaDeInicio+488
0x0D7A	0x7F00 ;_pantallaDeInicio+490
0x0D7C	0x667F ;_pantallaDeInicio+492
0x0D7E	0x6060 ;_pantallaDeInicio+494
0x0D80	0x6060 ;_pantallaDeInicio+496
0x0D82	0x0000 ;_pantallaDeInicio+498
0x0D84	0x6F6F ;_pantallaDeInicio+500
0x0D86	0x7D6C ;_pantallaDeInicio+502
0x0D88	0x007D ;_pantallaDeInicio+504
0x0D8A	0x0000 ;_pantallaDeInicio+506
0x0D8C	0x0000 ;_pantallaDeInicio+508
0x0D8E	0x0000 ;_pantallaDeInicio+510
0x0D90	0x0000 ;_pantallaDeInicio+512
0x0D92	0x0000 ;_pantallaDeInicio+514
0x0D94	0x0000 ;_pantallaDeInicio+516
0x0D96	0x0000 ;_pantallaDeInicio+518
0x0D98	0x0000 ;_pantallaDeInicio+520
0x0D9A	0x6060 ;_pantallaDeInicio+522
0x0D9C	0xE060 ;_pantallaDeInicio+524
0x0D9E	0x60E0 ;_pantallaDeInicio+526
0x0DA0	0x6060 ;_pantallaDeInicio+528
0x0DA2	0x0060 ;_pantallaDeInicio+530
0x0DA4	0xE0E0 ;_pantallaDeInicio+532
0x0DA6	0x6060 ;_pantallaDeInicio+534
0x0DA8	0xE0E0 ;_pantallaDeInicio+536
0x0DAA	0xE000 ;_pantallaDeInicio+538
0x0DAC	0x00E0 ;_pantallaDeInicio+540
0x0DAE	0x0000 ;_pantallaDeInicio+542
0x0DB0	0xE0E0 ;_pantallaDeInicio+544
0x0DB2	0x0000 ;_pantallaDeInicio+546
0x0DB4	0x0000 ;_pantallaDeInicio+548
0x0DB6	0xE0E0 ;_pantallaDeInicio+550
0x0DB8	0x6060 ;_pantallaDeInicio+552
0x0DBA	0x6060 ;_pantallaDeInicio+554
0x0DBC	0xE000 ;_pantallaDeInicio+556
0x0DBE	0x60E0 ;_pantallaDeInicio+558
0x0DC0	0x6060 ;_pantallaDeInicio+560
0x0DC2	0xE0E0 ;_pantallaDeInicio+562
0x0DC4	0x0000 ;_pantallaDeInicio+564
0x0DC6	0x0000 ;_pantallaDeInicio+566
0x0DC8	0xE0E0 ;_pantallaDeInicio+568
0x0DCA	0x6060 ;_pantallaDeInicio+570
0x0DCC	0x6060 ;_pantallaDeInicio+572
0x0DCE	0x0000 ;_pantallaDeInicio+574
0x0DD0	0xE0E0 ;_pantallaDeInicio+576
0x0DD2	0x00C0 ;_pantallaDeInicio+578
0x0DD4	0xC080 ;_pantallaDeInicio+580
0x0DD6	0xE0E0 ;_pantallaDeInicio+582
0x0DD8	0x0000 ;_pantallaDeInicio+584
0x0DDA	0xE0E0 ;_pantallaDeInicio+586
0x0DDC	0x6060 ;_pantallaDeInicio+588
0x0DDE	0xE0E0 ;_pantallaDeInicio+590
0x0DE0	0x00E0 ;_pantallaDeInicio+592
0x0DE2	0xE0E0 ;_pantallaDeInicio+594
0x0DE4	0x6060 ;_pantallaDeInicio+596
0x0DE6	0x6060 ;_pantallaDeInicio+598
0x0DE8	0xE000 ;_pantallaDeInicio+600
0x0DEA	0x60E0 ;_pantallaDeInicio+602
0x0DEC	0xE060 ;_pantallaDeInicio+604
0x0DEE	0x00E0 ;_pantallaDeInicio+606
0x0DF0	0xE000 ;_pantallaDeInicio+608
0x0DF2	0x00E0 ;_pantallaDeInicio+610
0x0DF4	0xE000 ;_pantallaDeInicio+612
0x0DF6	0xE0E0 ;_pantallaDeInicio+614
0x0DF8	0xC0E0 ;_pantallaDeInicio+616
0x0DFA	0x0000 ;_pantallaDeInicio+618
0x0DFC	0xE0E0 ;_pantallaDeInicio+620
0x0DFE	0x6060 ;_pantallaDeInicio+622
0x0E00	0xE060 ;_pantallaDeInicio+624
0x0E02	0x00E0 ;_pantallaDeInicio+626
0x0E04	0xE0E0 ;_pantallaDeInicio+628
0x0E06	0xE060 ;_pantallaDeInicio+630
0x0E08	0x00E0 ;_pantallaDeInicio+632
0x0E0A	0x0000 ;_pantallaDeInicio+634
0x0E0C	0x0000 ;_pantallaDeInicio+636
0x0E0E	0x0000 ;_pantallaDeInicio+638
0x0E10	0x0000 ;_pantallaDeInicio+640
0x0E12	0x0000 ;_pantallaDeInicio+642
0x0E14	0x0000 ;_pantallaDeInicio+644
0x0E16	0x0000 ;_pantallaDeInicio+646
0x0E18	0x0000 ;_pantallaDeInicio+648
0x0E1A	0x0000 ;_pantallaDeInicio+650
0x0E1C	0x3F00 ;_pantallaDeInicio+652
0x0E1E	0x003F ;_pantallaDeInicio+654
0x0E20	0x0000 ;_pantallaDeInicio+656
0x0E22	0x0000 ;_pantallaDeInicio+658
0x0E24	0x3F3F ;_pantallaDeInicio+660
0x0E26	0x0606 ;_pantallaDeInicio+662
0x0E28	0x3F3F ;_pantallaDeInicio+664
0x0E2A	0x3F00 ;_pantallaDeInicio+666
0x0E2C	0x303F ;_pantallaDeInicio+668
0x0E2E	0x0030 ;_pantallaDeInicio+670
0x0E30	0x3F3F ;_pantallaDeInicio+672
0x0E32	0x3030 ;_pantallaDeInicio+674
0x0E34	0x0000 ;_pantallaDeInicio+676
0x0E36	0x3F3F ;_pantallaDeInicio+678
0x0E38	0x3033 ;_pantallaDeInicio+680
0x0E3A	0x3030 ;_pantallaDeInicio+682
0x0E3C	0x3F00 ;_pantallaDeInicio+684
0x0E3E	0x063F ;_pantallaDeInicio+686
0x0E40	0x0F06 ;_pantallaDeInicio+688
0x0E42	0x3B3F ;_pantallaDeInicio+690
0x0E44	0x0000 ;_pantallaDeInicio+692
0x0E46	0x0000 ;_pantallaDeInicio+694
0x0E48	0x3F3F ;_pantallaDeInicio+696
0x0E4A	0x3033 ;_pantallaDeInicio+698
0x0E4C	0x3030 ;_pantallaDeInicio+700
0x0E4E	0x0000 ;_pantallaDeInicio+702
0x0E50	0x3F3F ;_pantallaDeInicio+704
0x0E52	0x0703 ;_pantallaDeInicio+706
0x0E54	0x0107 ;_pantallaDeInicio+708
0x0E56	0x3F3F ;_pantallaDeInicio+710
0x0E58	0x0000 ;_pantallaDeInicio+712
0x0E5A	0x3F3F ;_pantallaDeInicio+714
0x0E5C	0x3333 ;_pantallaDeInicio+716
0x0E5E	0x1F3F ;_pantallaDeInicio+718
0x0E60	0x001F ;_pantallaDeInicio+720
0x0E62	0x3F3F ;_pantallaDeInicio+722
0x0E64	0x3033 ;_pantallaDeInicio+724
0x0E66	0x3030 ;_pantallaDeInicio+726
0x0E68	0x3F00 ;_pantallaDeInicio+728
0x0E6A	0x333F ;_pantallaDeInicio+730
0x0E6C	0x3F33 ;_pantallaDeInicio+732
0x0E6E	0x001F ;_pantallaDeInicio+734
0x0E70	0x3F00 ;_pantallaDeInicio+736
0x0E72	0x003F ;_pantallaDeInicio+738
0x0E74	0x3F00 ;_pantallaDeInicio+740
0x0E76	0x303F ;_pantallaDeInicio+742
0x0E78	0x1F39 ;_pantallaDeInicio+744
0x0E7A	0x000F ;_pantallaDeInicio+746
0x0E7C	0x3F3F ;_pantallaDeInicio+748
0x0E7E	0x3030 ;_pantallaDeInicio+750
0x0E80	0x3F30 ;_pantallaDeInicio+752
0x0E82	0x003F ;_pantallaDeInicio+754
0x0E84	0x3737 ;_pantallaDeInicio+756
0x0E86	0x3E36 ;_pantallaDeInicio+758
0x0E88	0x003E ;_pantallaDeInicio+760
0x0E8A	0x0000 ;_pantallaDeInicio+762
0x0E8C	0x0000 ;_pantallaDeInicio+764
0x0E8E	0x0000 ;_pantallaDeInicio+766
0x0E90	0x0000 ;_pantallaDeInicio+768
0x0E92	0x0000 ;_pantallaDeInicio+770
0x0E94	0x0000 ;_pantallaDeInicio+772
0x0E96	0x0000 ;_pantallaDeInicio+774
0x0E98	0x0000 ;_pantallaDeInicio+776
0x0E9A	0x0000 ;_pantallaDeInicio+778
0x0E9C	0x0000 ;_pantallaDeInicio+780
0x0E9E	0x0000 ;_pantallaDeInicio+782
0x0EA0	0x0000 ;_pantallaDeInicio+784
0x0EA2	0x0000 ;_pantallaDeInicio+786
0x0EA4	0x0000 ;_pantallaDeInicio+788
0x0EA6	0x0000 ;_pantallaDeInicio+790
0x0EA8	0x0000 ;_pantallaDeInicio+792
0x0EAA	0x0000 ;_pantallaDeInicio+794
0x0EAC	0x0000 ;_pantallaDeInicio+796
0x0EAE	0x0000 ;_pantallaDeInicio+798
0x0EB0	0x0000 ;_pantallaDeInicio+800
0x0EB2	0x0000 ;_pantallaDeInicio+802
0x0EB4	0x0000 ;_pantallaDeInicio+804
0x0EB6	0x0000 ;_pantallaDeInicio+806
0x0EB8	0xF800 ;_pantallaDeInicio+808
0x0EBA	0xD8F8 ;_pantallaDeInicio+810
0x0EBC	0x1818 ;_pantallaDeInicio+812
0x0EBE	0x0018 ;_pantallaDeInicio+814
0x0EC0	0x0000 ;_pantallaDeInicio+816
0x0EC2	0xF8F8 ;_pantallaDeInicio+818
0x0EC4	0xD898 ;_pantallaDeInicio+820
0x0EC6	0xF8F8 ;_pantallaDeInicio+822
0x0EC8	0x0000 ;_pantallaDeInicio+824
0x0ECA	0xFCFC ;_pantallaDeInicio+826
0x0ECC	0x0000 ;_pantallaDeInicio+828
0x0ECE	0x7C7C ;_pantallaDeInicio+830
0x0ED0	0xC0C0 ;_pantallaDeInicio+832
0x0ED2	0xC000 ;_pantallaDeInicio+834
0x0ED4	0x7CE0 ;_pantallaDeInicio+836
0x0ED6	0x007C ;_pantallaDeInicio+838
0x0ED8	0xF800 ;_pantallaDeInicio+840
0x0EDA	0xD8F8 ;_pantallaDeInicio+842
0x0EDC	0x1818 ;_pantallaDeInicio+844
0x0EDE	0x0018 ;_pantallaDeInicio+846
0x0EE0	0xF800 ;_pantallaDeInicio+848
0x0EE2	0x98F8 ;_pantallaDeInicio+850
0x0EE4	0xF8D8 ;_pantallaDeInicio+852
0x0EE6	0x00F8 ;_pantallaDeInicio+854
0x0EE8	0xF8F8 ;_pantallaDeInicio+856
0x0EEA	0x9898 ;_pantallaDeInicio+858
0x0EEC	0xF8F8 ;_pantallaDeInicio+860
0x0EEE	0x0000 ;_pantallaDeInicio+862
0x0EF0	0x0000 ;_pantallaDeInicio+864
0x0EF2	0x0000 ;_pantallaDeInicio+866
0x0EF4	0x0000 ;_pantallaDeInicio+868
0x0EF6	0x0000 ;_pantallaDeInicio+870
0x0EF8	0x0000 ;_pantallaDeInicio+872
0x0EFA	0x0000 ;_pantallaDeInicio+874
0x0EFC	0x0000 ;_pantallaDeInicio+876
0x0EFE	0x0000 ;_pantallaDeInicio+878
0x0F00	0x0000 ;_pantallaDeInicio+880
0x0F02	0x0000 ;_pantallaDeInicio+882
0x0F04	0x0000 ;_pantallaDeInicio+884
0x0F06	0x0000 ;_pantallaDeInicio+886
0x0F08	0x0000 ;_pantallaDeInicio+888
0x0F0A	0x0000 ;_pantallaDeInicio+890
0x0F0C	0x0000 ;_pantallaDeInicio+892
0x0F0E	0x0000 ;_pantallaDeInicio+894
0x0F10	0x0000 ;_pantallaDeInicio+896
0x0F12	0x0000 ;_pantallaDeInicio+898
0x0F14	0x0000 ;_pantallaDeInicio+900
0x0F16	0x0000 ;_pantallaDeInicio+902
0x0F18	0x0000 ;_pantallaDeInicio+904
0x0F1A	0x0000 ;_pantallaDeInicio+906
0x0F1C	0x0000 ;_pantallaDeInicio+908
0x0F1E	0x0000 ;_pantallaDeInicio+910
0x0F20	0x0000 ;_pantallaDeInicio+912
0x0F22	0x0000 ;_pantallaDeInicio+914
0x0F24	0x0000 ;_pantallaDeInicio+916
0x0F26	0x0000 ;_pantallaDeInicio+918
0x0F28	0x0000 ;_pantallaDeInicio+920
0x0F2A	0x0000 ;_pantallaDeInicio+922
0x0F2C	0x0000 ;_pantallaDeInicio+924
0x0F2E	0x0000 ;_pantallaDeInicio+926
0x0F30	0x0000 ;_pantallaDeInicio+928
0x0F32	0x0000 ;_pantallaDeInicio+930
0x0F34	0x0000 ;_pantallaDeInicio+932
0x0F36	0x0000 ;_pantallaDeInicio+934
0x0F38	0x0F00 ;_pantallaDeInicio+936
0x0F3A	0x0C0F ;_pantallaDeInicio+938
0x0F3C	0x0C0C ;_pantallaDeInicio+940
0x0F3E	0x000C ;_pantallaDeInicio+942
0x0F40	0x0000 ;_pantallaDeInicio+944
0x0F42	0x0F0F ;_pantallaDeInicio+946
0x0F44	0x0301 ;_pantallaDeInicio+948
0x0F46	0x0E0F ;_pantallaDeInicio+950
0x0F48	0x0000 ;_pantallaDeInicio+952
0x0F4A	0x0F0F ;_pantallaDeInicio+954
0x0F4C	0x0000 ;_pantallaDeInicio+956
0x0F4E	0x0000 ;_pantallaDeInicio+958
0x0F50	0x0F03 ;_pantallaDeInicio+960
0x0F52	0x0F0C ;_pantallaDeInicio+962
0x0F54	0x0003 ;_pantallaDeInicio+964
0x0F56	0x0000 ;_pantallaDeInicio+966
0x0F58	0x0F00 ;_pantallaDeInicio+968
0x0F5A	0x0C0F ;_pantallaDeInicio+970
0x0F5C	0x0C0C ;_pantallaDeInicio+972
0x0F5E	0x000C ;_pantallaDeInicio+974
0x0F60	0x0F00 ;_pantallaDeInicio+976
0x0F62	0x010F ;_pantallaDeInicio+978
0x0F64	0x0F03 ;_pantallaDeInicio+980
0x0F66	0x000E ;_pantallaDeInicio+982
0x0F68	0x0F0F ;_pantallaDeInicio+984
0x0F6A	0x0101 ;_pantallaDeInicio+986
0x0F6C	0x0F0F ;_pantallaDeInicio+988
0x0F6E	0x0000 ;_pantallaDeInicio+990
0x0F70	0x0000 ;_pantallaDeInicio+992
0x0F72	0x0000 ;_pantallaDeInicio+994
0x0F74	0x0000 ;_pantallaDeInicio+996
0x0F76	0x0000 ;_pantallaDeInicio+998
0x0F78	0x0000 ;_pantallaDeInicio+1000
0x0F7A	0x0000 ;_pantallaDeInicio+1002
0x0F7C	0x0000 ;_pantallaDeInicio+1004
0x0F7E	0x0000 ;_pantallaDeInicio+1006
0x0F80	0x0000 ;_pantallaDeInicio+1008
0x0F82	0x0000 ;_pantallaDeInicio+1010
0x0F84	0x0000 ;_pantallaDeInicio+1012
0x0F86	0x0000 ;_pantallaDeInicio+1014
0x0F88	0x0000 ;_pantallaDeInicio+1016
0x0F8A	0x0000 ;_pantallaDeInicio+1018
0x0F8C	0x0000 ;_pantallaDeInicio+1020
0x0F8E	0x0000 ;_pantallaDeInicio+1022
; end of _pantallaDeInicio
Symbol List:
//** Routines locations **
//ADDRESS    SIZE    PROCEDURE
//----------------------------------------------
0x001C      [12]    _Delay_10us
0x0028      [10]    __Lib_Glcd_Strobe
0x0032       [6]    _Delay_1us
0x0038      [36]    _Glcd_Set_X
0x005C      [26]    _Glcd_Set_Side
0x0076      [14]    _Glcd_Set_Page
0x0084      [14]    _Glcd_Write_Data
0x0092      [78]    _Glcd_Read_Data
0x00E0     [178]    _Glcd_Dot
0x0192     [136]    _Glcd_Image
0x021A      [82]    _Glcd_Fill
0x026C      [44]    _primerFrame
0x0298      [82]    _Glcd_Init
0x02EA     [450]    _Glcd_Circle
0x04AC      [16]    ___CC2DW
0x04BC     [724]    _main
//** Variables locations ** 
//ADDRESS    SIZE    VARIABLE
//----------------------------------------------
0x0000       [1]    R0
0x0001       [1]    R1
0x0002       [1]    R2
0x0003       [1]    R3
0x0004       [1]    R4
0x0005       [1]    R5
0x0006       [1]    R6
0x0007       [1]    R7
0x0008       [1]    R8
0x0009       [1]    R9
0x000A       [1]    R10
0x000B       [1]    R11
0x000C       [1]    R12
0x000D       [1]    R13
0x000E       [1]    R14
0x000F       [1]    R15
0x0010       [1]    R16
0x0011       [1]    R17
0x0012       [1]    R18
0x0013       [1]    R19
0x0014       [1]    R20
0x0015       [2]    __Lib_Glcd_ExternalFontSet
0x0017       [1]    __Lib_Glcd_FontInitialized
0x0018       [2]    main_state_L0
0x001A       [2]    main_modeGame_L0
0x001C       [2]    main_player_L0
0x001E       [2]    FARG_Glcd_Circle_x_center
0x0020       [2]    FARG_Glcd_Circle_y_center
0x0022       [2]    FARG_Glcd_Circle_radius
0x0024       [1]    FARG_Glcd_Circle_color
0x0025       [2]    Glcd_Circle_tswitch_L0
0x0027       [2]    Glcd_Circle_y_L0
0x0029       [2]    Glcd_Circle_x_L0
0x002B       [2]    Glcd_Circle_d_L0
0x002D       [3]    FARG_Glcd_Image_image
0x002D       [1]    FARG_Glcd_Fill_pattern
0x002D       [1]    FARG_Glcd_Dot_x_pos
0x002E       [1]    FARG_Glcd_Dot_y_pos
0x002E       [1]    Glcd_Fill_yy_L0
0x002F       [1]    Glcd_Fill_page_L0
0x002F       [1]    FARG_Glcd_Dot_color
0x0030       [1]    Glcd_Image_col_L0
0x0030       [1]    Glcd_Dot_bit_mask1_L0
0x0031       [1]    Glcd_Image_pg_L0
0x0031       [1]    Glcd_Dot_bit_mask0_L0
0x0032       [1]    Glcd_Dot_ddata_L0
0x0032       [2]    Glcd_Image_clan_niza_L0
0x0034       [1]    FARG_Glcd_Set_X_x_pos
0x0034       [1]    Glcd_Read_Data_local_L0
0x0034       [1]    FARG_Glcd_Set_Page_page
0x0034       [1]    FARG_Glcd_Write_Data_ddata
0x0034       [1]    FARG_Glcd_Set_Side_x_pos
0x0F80       [1]    PORTA
0x0F83       [1]    GLCD_DataPort
0x0F83       [1]    PORTD
0x0F8A       [0]    GLCD_CS2
0x0F8A       [0]    GLCD_CS1
0x0F8A       [0]    GLCD_EN
0x0F8A       [0]    GLCD_RST
0x0F8A       [0]    GLCD_RS
0x0F8A       [0]    GLCD_RW
0x0F8A       [0]    LATB5_bit
0x0F8A       [0]    LATB2_bit
0x0F8A       [0]    LATB0_bit
0x0F8A       [0]    LATB1_bit
0x0F8A       [0]    LATB4_bit
0x0F8A       [0]    LATB3_bit
0x0F93       [0]    GLCD_RW_Direction
0x0F93       [0]    GLCD_RS_Direction
0x0F93       [0]    GLCD_CS2_Direction
0x0F93       [0]    GLCD_CS1_Direction
0x0F93       [0]    GLCD_EN_Direction
0x0F93       [0]    GLCD_RST_Direction
0x0F93       [0]    TRISB2_bit
0x0F93       [0]    TRISB3_bit
0x0F93       [0]    TRISB0_bit
0x0F93       [0]    TRISB1_bit
0x0F93       [0]    TRISB4_bit
0x0F93       [0]    TRISB5_bit
0x0FC1       [1]    ADCON1
0x0FD8       [1]    STATUS
0x0FD9       [1]    FSR2L
0x0FDA       [1]    FSR2H
0x0FDE       [1]    POSTINC2
0x0FE0       [1]    BSR
0x0FE1       [1]    FSR1L
0x0FE2       [1]    FSR1H
0x0FE4       [1]    PREINC1
0x0FE6       [1]    POSTINC1
0x0FE7       [1]    INDF1
0x0FE8       [1]    WREG
0x0FE9       [1]    FSR0L
0x0FEA       [1]    FSR0H
0x0FEE       [1]    POSTINC0
0x0FF3       [1]    PRODL
0x0FF4       [1]    PRODH
0x0FF5       [1]    TABLAT
0x0FF6       [3]    TBLPTR
0x0FF6       [1]    TBLPTRL
0x0FF7       [1]    TBLPTRH
0x0FF8       [1]    TBLPTRU
//** Constants locations ** 
//ADDRESS    SIZE    CONSTANT
//----------------------------------------------
0x0790    [1024]    _seleccionDeJuego
0x0B90    [1024]    _pantallaDeInicio
